Watching for file changes with StatReloader
Waiting for apps ready_event.
Apps ready_event triggered. Sending autoreload_started signal.
Watching dir C:\TestEnv\hello_django\locale with glob **/*.mo.
(0.000) 
            SELECT name, type FROM sqlite_master
            WHERE type in ('table', 'view') AND NOT name='sqlite_sequence'
            ORDER BY name; args=None
File C:\TestEnv\py3.9\Lib\site-packages\sqlparse\tokens.py first seen with mtime 1622028448.1448004
File C:\Python 3.9\Lib\email\__init__.py first seen with mtime 1620034494.0
File C:\TestEnv\py3.9\Lib\site-packages\django\contrib\admin\templatetags\__init__.py first seen with mtime 1622028449.3850632
File C:\TestEnv\py3.9\Lib\site-packages\django\http\response.py first seen with mtime 1622028452.0986474
File C:\TestEnv\py3.9\Lib\site-packages\sqlparse\filters\right_margin.py first seen with mtime 1622028448.1542609
File C:\TestEnv\py3.9\Lib\site-packages\django\contrib\auth\__init__.py first seen with mtime 1622028449.5859475
File C:\TestEnv\py3.9\Lib\site-packages\django\core\checks\__init__.py first seen with mtime 1622028451.7370627
File C:\TestEnv\py3.9\Lib\site-packages\django\utils\decorators.py first seen with mtime 1622028452.2360404
File C:\Python 3.9\DLLs\_lzma.pyd first seen with mtime 1620034546.0
File C:\TestEnv\py3.9\Lib\site-packages\sqlparse\utils.py first seen with mtime 1622028448.1452966
File C:\TestEnv\py3.9\Lib\site-packages\django\utils\numberformat.py first seen with mtime 1622028452.2628226
File C:\TestEnv\py3.9\Lib\site-packages\django\contrib\sessions\apps.py first seen with mtime 1622028451.184552
File C:\TestEnv\py3.9\Lib\site-packages\django\utils\lorem_ipsum.py first seen with mtime 1622028452.2598462
File C:\Python 3.9\Lib\email\mime\multipart.py first seen with mtime 1620034494.0
File C:\TestEnv\py3.9\Lib\site-packages\django\core\mail\message.py first seen with mtime 1622028451.7747586
File C:\Python 3.9\Lib\os.py first seen with mtime 1620034494.0
File C:\Python 3.9\Lib\email\contentmanager.py first seen with mtime 1620034494.0
File C:\Python 3.9\Lib\urllib\parse.py first seen with mtime 1620034496.0
File C:\TestEnv\py3.9\Lib\site-packages\django\template\loaders\__init__.py first seen with mtime 1622028452.1601503
File C:\TestEnv\py3.9\Lib\site-packages\django\contrib\auth\base_user.py first seen with mtime 1622028449.588918
File C:\TestEnv\py3.9\Lib\site-packages\django\db\backends\base\creation.py first seen with mtime 1622028451.8441997
File C:\TestEnv\py3.9\Lib\site-packages\django\template\loaders\app_directories.py first seen with mtime 1622028452.1621354
File C:\TestEnv\py3.9\Lib\site-packages\django\template\__init__.py first seen with mtime 1622028452.1174934
File C:\TestEnv\py3.9\Lib\site-packages\django\utils\topological_sort.py first seen with mtime 1622028452.2737353
File C:\Python 3.9\Lib\inspect.py first seen with mtime 1620034494.0
File C:\TestEnv\py3.9\Lib\site-packages\django\core\cache\backends\__init__.py first seen with mtime 1622028451.7296224
File C:\Python 3.9\Lib\quopri.py first seen with mtime 1620034494.0
File C:\TestEnv\py3.9\Lib\site-packages\django\db\models\aggregates.py first seen with mtime 1622028451.9369495
File C:\TestEnv\py3.9\Lib\site-packages\django\template\context.py first seen with mtime 1622028452.1224554
File C:\Python 3.9\Lib\asyncio\protocols.py first seen with mtime 1620034494.0
File C:\Python 3.9\Lib\asyncio\proactor_events.py first seen with mtime 1620034494.0
File C:\TestEnv\py3.9\Lib\site-packages\django\core\management\color.py first seen with mtime 1622028451.7866623
File C:\Python 3.9\Lib\asyncio\constants.py first seen with mtime 1620034494.0
File C:\TestEnv\py3.9\Lib\site-packages\django\views\static.py first seen with mtime 1622028452.2950628
File C:\TestEnv\py3.9\Lib\site-packages\django\utils\crypto.py first seen with mtime 1622028452.225128
File C:\Python 3.9\Lib\json\__init__.py first seen with mtime 1620034494.0
File C:\TestEnv\py3.9\Lib\site-packages\django\utils\dateformat.py first seen with mtime 1622028452.2286005
File C:\TestEnv\py3.9\Lib\site-packages\django\core\mail\utils.py first seen with mtime 1622028451.7757504
File C:\TestEnv\py3.9\Lib\site-packages\django\db\models\functions\comparison.py first seen with mtime 1622028451.9716723
File C:\TestEnv\py3.9\Lib\site-packages\django\utils\__init__.py first seen with mtime 1622028452.2127278
File C:\TestEnv\py3.9\Lib\site-packages\django\db\models\sql\constants.py first seen with mtime 1622028451.9820862
File C:\Python 3.9\Lib\pkgutil.py first seen with mtime 1620034494.0
File C:\TestEnv\py3.9\Lib\site-packages\django\db\migrations\__init__.py first seen with mtime 1622028451.9091744
File C:\TestEnv\py3.9\Lib\site-packages\django\db\migrations\operations\fields.py first seen with mtime 1622028451.9305024
File C:\TestEnv\py3.9\Lib\site-packages\django\db\models\fields\proxy.py first seen with mtime 1622028451.9637334
File C:\TestEnv\hello_django\hello_django\__init__.py first seen with mtime 1622028471.374224
File C:\TestEnv\py3.9\Lib\site-packages\django\core\exceptions.py first seen with mtime 1622028451.7206948
File C:\Python 3.9\Lib\collections\abc.py first seen with mtime 1620034494.0
File C:\TestEnv\py3.9\Lib\site-packages\sqlparse\engine\grouping.py first seen with mtime 1622028448.1477761
File C:\TestEnv\py3.9\Lib\site-packages\django\contrib\contenttypes\fields.py first seen with mtime 1622028449.8116188
File C:\TestEnv\py3.9\Lib\site-packages\django\contrib\contenttypes\views.py first seen with mtime 1622028449.8145673
File C:\Python 3.9\Lib\html\parser.py first seen with mtime 1620034494.0
File C:\TestEnv\py3.9\Lib\site-packages\django\db\transaction.py first seen with mtime 1622028451.833782
File C:\Python 3.9\Lib\asyncio\subprocess.py first seen with mtime 1620034494.0
File C:\Python 3.9\Lib\operator.py first seen with mtime 1620034494.0
File C:\TestEnv\py3.9\Lib\site-packages\django\core\serializers\python.py first seen with mtime 1622028451.8263423
File C:\TestEnv\py3.9\Lib\site-packages\django\core\files\uploadhandler.py first seen with mtime 1622028451.7658303
File C:\Python 3.9\Lib\string.py first seen with mtime 1620034494.0
File C:\Python 3.9\Lib\platform.py first seen with mtime 1620034494.0
File C:\TestEnv\py3.9\Lib\site-packages\django\template\backends\__init__.py first seen with mtime 1622028452.14676
File C:\Python 3.9\Lib\asyncio\runners.py first seen with mtime 1620034494.0
File C:\Python 3.9\DLLs\_sqlite3.pyd first seen with mtime 1620034544.0
File C:\Python 3.9\Lib\stat.py first seen with mtime 1620034494.0
File C:\TestEnv\py3.9\Lib\site-packages\django\template\library.py first seen with mtime 1622028452.1353495
File C:\Python 3.9\Lib\dis.py first seen with mtime 1620034494.0
File C:\Python 3.9\Lib\urllib\__init__.py first seen with mtime 1620034496.0
File C:\TestEnv\py3.9\Lib\site-packages\django\contrib\staticfiles\__init__.py first seen with mtime 1622028451.6988707
File C:\Python 3.9\Lib\enum.py first seen with mtime 1620034494.0
File C:\Python 3.9\Lib\bz2.py first seen with mtime 1620034494.0
File C:\TestEnv\py3.9\Lib\site-packages\django\core\management\__init__.py first seen with mtime 1622028451.7846782
File C:\TestEnv\py3.9\Lib\site-packages\django\contrib\auth\hashers.py first seen with mtime 1622028449.5943701
File C:\TestEnv\py3.9\Lib\site-packages\django\contrib\auth\forms.py first seen with mtime 1622028449.593378
File C:\TestEnv\py3.9\Lib\site-packages\django\db\backends\sqlite3\introspection.py first seen with mtime 1622028451.905207
File C:\TestEnv\py3.9\Lib\site-packages\django\core\checks\security\base.py first seen with mtime 1622028451.7504833
File C:\Python 3.9\Lib\sqlite3\__init__.py first seen with mtime 1620034494.0
File C:\TestEnv\py3.9\Lib\site-packages\django\core\checks\database.py first seen with mtime 1622028451.7405343
File C:\TestEnv\py3.9\Lib\site-packages\django\contrib\admin\options.py first seen with mtime 1622028449.0279152
File C:\Python 3.9\Lib\email\iterators.py first seen with mtime 1620034494.0
File C:\TestEnv\py3.9\Lib\site-packages\django\urls\conf.py first seen with mtime 1622028452.2052855
File C:\Python 3.9\Lib\asyncio\queues.py first seen with mtime 1620034494.0
File C:\TestEnv\py3.9\Lib\site-packages\django\core\checks\messages.py first seen with mtime 1622028451.7415264
File C:\TestEnv\py3.9\Lib\site-packages\django\urls\utils.py first seen with mtime 1622028452.2117355
File C:\TestEnv\py3.9\Lib\site-packages\django\views\generic\__init__.py first seen with mtime 1622028452.311927
File C:\Python 3.9\Lib\asyncio\exceptions.py first seen with mtime 1620034494.0
File C:\TestEnv\py3.9\Lib\site-packages\django\db\migrations\operations\models.py first seen with mtime 1622028451.9319916
File C:\TestEnv\py3.9\Lib\site-packages\django\utils\deprecation.py first seen with mtime 1622028452.2375283
File C:\TestEnv\py3.9\Lib\site-packages\django\contrib\auth\management\__init__.py first seen with mtime 1622028449.793243
File C:\TestEnv\py3.9\Lib\site-packages\django\core\cache\utils.py first seen with mtime 1622028451.728631
File C:\Python 3.9\Lib\email\quoprimime.py first seen with mtime 1620034494.0
File C:\Python 3.9\Lib\collections\__init__.py first seen with mtime 1620034494.0
File C:\TestEnv\py3.9\Lib\site-packages\django\db\models\sql\datastructures.py first seen with mtime 1622028451.9836104
File C:\TestEnv\py3.9\Lib\site-packages\django\template\autoreload.py first seen with mtime 1622028452.1189811
File C:\Python 3.9\Lib\genericpath.py first seen with mtime 1620034494.0
File C:\TestEnv\py3.9\Lib\site-packages\django\contrib\contenttypes\models.py first seen with mtime 1622028449.8135757
File C:\TestEnv\py3.9\Lib\site-packages\django\db\models\fields\related.py first seen with mtime 1622028451.9652238
File C:\Python 3.9\Lib\calendar.py first seen with mtime 1620034494.0
File C:\Python 3.9\Lib\asyncio\staggered.py first seen with mtime 1620034494.0
File C:\TestEnv\py3.9\Lib\site-packages\django\core\files\move.py first seen with mtime 1622028451.760405
File C:\TestEnv\py3.9\Lib\site-packages\django\contrib\auth\tokens.py first seen with mtime 1622028449.598809
File C:\TestEnv\py3.9\Lib\site-packages\django\utils\log.py first seen with mtime 1622028452.2578614
File C:\Python 3.9\Lib\email\encoders.py first seen with mtime 1620034494.0
File C:\TestEnv\py3.9\Lib\site-packages\django\forms\forms.py first seen with mtime 1622028451.996483
File C:\TestEnv\py3.9\Lib\site-packages\django\forms\formsets.py first seen with mtime 1622028451.9974961
File C:\Python 3.9\Lib\site.py first seen with mtime 1620034494.0
File C:\TestEnv\py3.9\Lib\site-packages\django\utils\dateparse.py first seen with mtime 1622028452.2300885
File C:\Python 3.9\Lib\base64.py first seen with mtime 1620034494.0
File C:\TestEnv\py3.9\Lib\site-packages\django\db\migrations\operations\__init__.py first seen with mtime 1622028451.9280243
File C:\TestEnv\py3.9\Lib\site-packages\django\contrib\staticfiles\management\commands\__init__.py first seen with mtime 1622028451.7107744
File C:\TestEnv\py3.9\Lib\site-packages\django\views\generic\dates.py first seen with mtime 1622028452.3154001
File C:\Python 3.9\Lib\email\header.py first seen with mtime 1620034494.0
File C:\Python 3.9\Lib\gzip.py first seen with mtime 1620034494.0
File C:\TestEnv\py3.9\Lib\site-packages\django\core\files\temp.py first seen with mtime 1622028451.7633793
File C:\Python 3.9\Lib\weakref.py first seen with mtime 1620034496.0
File C:\TestEnv\py3.9\Lib\site-packages\django\db\models\deletion.py first seen with mtime 1622028451.9429016
File C:\Python 3.9\Lib\wsgiref\util.py first seen with mtime 1620034496.0
File C:\TestEnv\py3.9\Lib\site-packages\django\templatetags\i18n.py first seen with mtime 1622028452.1770165
File C:\Python 3.9\Lib\asyncio\windows_events.py first seen with mtime 1620034494.0
File C:\TestEnv\py3.9\Lib\site-packages\django\db\migrations\state.py first seen with mtime 1622028451.9240544
File C:\TestEnv\py3.9\Lib\site-packages\django\db\migrations\migration.py first seen with mtime 1622028451.9176083
File C:\Python 3.9\Lib\fractions.py first seen with mtime 1620034494.0
File C:\TestEnv\py3.9\Lib\site-packages\django\contrib\contenttypes\__init__.py first seen with mtime 1622028449.808148
File C:\TestEnv\py3.9\Lib\site-packages\django\core\management\commands\__init__.py first seen with mtime 1622028451.7911263
File C:\Python 3.9\Lib\email\mime\message.py first seen with mtime 1620034494.0
File C:\Python 3.9\Lib\_bootlocale.py first seen with mtime 1620034494.0
File C:\TestEnv\py3.9\Lib\site-packages\django\core\checks\registry.py first seen with mtime 1622028451.7435102
File C:\TestEnv\py3.9\Lib\site-packages\asgiref\local.py first seen with mtime 1622028448.7317207
File C:\TestEnv\py3.9\Lib\site-packages\django\core\__init__.py first seen with mtime 1622028451.7187116
File C:\Python 3.9\Lib\sre_compile.py first seen with mtime 1620034494.0
File C:\TestEnv\py3.9\Lib\site-packages\django\template\exceptions.py first seen with mtime 1622028452.132871
File C:\Python 3.9\Lib\pprint.py first seen with mtime 1620034494.0
File C:\Python 3.9\Lib\html\entities.py first seen with mtime 1620034494.0
File C:\TestEnv\py3.9\Lib\site-packages\django\utils\ipv6.py first seen with mtime 1622028452.2533994
File C:\TestEnv\py3.9\Lib\site-packages\django\views\decorators\debug.py first seen with mtime 1622028452.3054793
File C:\TestEnv\py3.9\Lib\site-packages\django\contrib\messages\constants.py first seen with mtime 1622028450.8035922
File C:\Python 3.9\Lib\tokenize.py first seen with mtime 1620034496.0
File C:\Python 3.9\Lib\_weakrefset.py first seen with mtime 1620034494.0
File C:\Python 3.9\Lib\email\_policybase.py first seen with mtime 1620034494.0
File C:\Python 3.9\DLLs\_ctypes.pyd first seen with mtime 1620034544.0
File C:\TestEnv\py3.9\Lib\site-packages\django\views\decorators\__init__.py first seen with mtime 1622028452.2960544
File C:\TestEnv\py3.9\Lib\site-packages\django\core\signing.py first seen with mtime 1622028451.7241664
File C:\TestEnv\py3.9\Lib\site-packages\sqlparse\filters\reindent.py first seen with mtime 1622028448.1527376
File C:\TestEnv\py3.9\Lib\site-packages\django\contrib\admin\exceptions.py first seen with mtime 1622028449.0244412
File C:\TestEnv\py3.9\Lib\site-packages\django\core\files\locks.py first seen with mtime 1622028451.7589154
File C:\TestEnv\py3.9\Lib\site-packages\django\apps\__init__.py first seen with mtime 1622028448.799285
File C:\TestEnv\py3.9\Lib\site-packages\asgiref\current_thread_executor.py first seen with mtime 1622028448.73122
File C:\TestEnv\py3.9\Lib\site-packages\django\contrib\sessions\middleware.py first seen with mtime 1622028451.1874938
File C:\TestEnv\py3.9\Lib\site-packages\django\db\migrations\exceptions.py first seen with mtime 1622028451.9121504
File C:\TestEnv\py3.9\Lib\site-packages\django\core\wsgi.py first seen with mtime 1622028451.7261508
File C:\TestEnv\py3.9\Lib\site-packages\django\utils\translation\trans_real.py first seen with mtime 1622028452.2856417
File C:\Python 3.9\Lib\nturl2path.py first seen with mtime 1620034494.0
File C:\Python 3.9\DLLs\_queue.pyd first seen with mtime 1620034544.0
File C:\TestEnv\py3.9\Lib\site-packages\django\contrib\sites\shortcuts.py first seen with mtime 1622028451.4548607
File C:\TestEnv\py3.9\Lib\site-packages\django\middleware\__init__.py first seen with mtime 1622028452.1006305
File C:\TestEnv\py3.9\Lib\site-packages\django\db\models\query.py first seen with mtime 1622028451.952821
File C:\TestEnv\py3.9\Lib\site-packages\django\contrib\messages\apps.py first seen with mtime 1622028450.8026004
File C:\Python 3.9\Lib\asyncio\base_events.py first seen with mtime 1620034494.0
File C:\Python 3.9\Lib\cgi.py first seen with mtime 1620034494.0
File C:\TestEnv\py3.9\Lib\site-packages\django\utils\http.py first seen with mtime 1622028452.249928
File C:\TestEnv\py3.9\Lib\site-packages\django\db\models\query_utils.py first seen with mtime 1622028451.954309
File C:\TestEnv\py3.9\Lib\site-packages\django\templatetags\__init__.py first seen with mtime 1622028452.1720533
File C:\TestEnv\py3.9\Lib\site-packages\django\forms\fields.py first seen with mtime 1622028451.9950042
File C:\Python 3.9\Lib\asyncio\__init__.py first seen with mtime 1620034494.0
File C:\TestEnv\py3.9\Lib\site-packages\django\contrib\staticfiles\utils.py first seen with mtime 1622028451.7082944
File C:\TestEnv\py3.9\Lib\site-packages\django\core\checks\async_checks.py first seen with mtime 1622028451.7385504
File C:\TestEnv\py3.9\Lib\site-packages\django\templatetags\l10n.py first seen with mtime 1622028452.1789992
File C:\Python 3.9\Lib\unittest\result.py first seen with mtime 1620034496.0
File C:\TestEnv\py3.9\Lib\site-packages\django\contrib\auth\models.py first seen with mtime 1622028449.596329
File C:\Python 3.9\Lib\difflib.py first seen with mtime 1620034494.0
File C:\TestEnv\py3.9\Lib\site-packages\django\db\models\sql\__init__.py first seen with mtime 1622028451.979111
File C:\Python 3.9\Lib\unittest\case.py first seen with mtime 1620034496.0
File C:\TestEnv\py3.9\Lib\site-packages\pytz\tzinfo.py first seen with mtime 1622028448.2594073
File C:\TestEnv\py3.9\Lib\site-packages\django\contrib\messages\api.py first seen with mtime 1622028450.8021047
File C:\Python 3.9\Lib\_markupbase.py first seen with mtime 1620034494.0
File C:\Python 3.9\Lib\datetime.py first seen with mtime 1620034494.0
File C:\Python 3.9\Lib\fnmatch.py first seen with mtime 1620034494.0
File C:\TestEnv\py3.9\Lib\site-packages\django\contrib\staticfiles\checks.py first seen with mtime 1622028451.7013505
File C:\Python 3.9\Lib\ntpath.py first seen with mtime 1620034494.0
File C:\Python 3.9\Lib\email\base64mime.py first seen with mtime 1620034494.0
File C:\TestEnv\py3.9\Lib\site-packages\django\contrib\auth\admin.py first seen with mtime 1622028449.5869377
File C:\Python 3.9\Lib\encodings\utf_8.py first seen with mtime 1620034494.0
File C:\Python 3.9\Lib\struct.py first seen with mtime 1620034494.0
File C:\TestEnv\py3.9\Lib\site-packages\django\__init__.py first seen with mtime 1622028448.7977877
File C:\TestEnv\py3.9\Lib\site-packages\django\db\models\fields\mixins.py first seen with mtime 1622028451.962245
File C:\Python 3.9\Lib\asyncio\base_tasks.py first seen with mtime 1620034494.0
File C:\Python 3.9\Lib\sre_constants.py first seen with mtime 1620034494.0
File C:\TestEnv\py3.9\Lib\site-packages\django\contrib\admin\models.py first seen with mtime 1622028449.0269544
File C:\Python 3.9\Lib\email\headerregistry.py first seen with mtime 1620034494.0
File C:\TestEnv\py3.9\Lib\site-packages\django\contrib\admin\actions.py first seen with mtime 1622028449.0219617
File C:\TestEnv\py3.9\Lib\site-packages\django\utils\module_loading.py first seen with mtime 1622028452.2613347
File C:\TestEnv\py3.9\Lib\site-packages\django\db\__init__.py first seen with mtime 1622028451.832791
File C:\TestEnv\py3.9\Lib\site-packages\django\contrib\admin\decorators.py first seen with mtime 1622028449.0234826
File C:\TestEnv\py3.9\Lib\site-packages\django\db\backends\base\introspection.py first seen with mtime 1622028451.8471758
File C:\TestEnv\py3.9\Lib\site-packages\django\forms\models.py first seen with mtime 1622028451.9989517
File C:\Python 3.9\Lib\email\_header_value_parser.py first seen with mtime 1620034494.0
File C:\TestEnv\hello_django\hello_django\urls.py first seen with mtime 1622028471.372271
File C:\TestEnv\py3.9\Lib\site-packages\django\http\__init__.py first seen with mtime 1622028452.0912063
File C:\Python 3.9\Lib\importlib\util.py first seen with mtime 1620034494.0
File C:\Python 3.9\Lib\unittest\suite.py first seen with mtime 1620034496.0
File C:\TestEnv\py3.9\Lib\site-packages\sqlparse\engine\__init__.py first seen with mtime 1622028448.1462882
File C:\TestEnv\py3.9\Lib\site-packages\django\db\migrations\operations\utils.py first seen with mtime 1622028451.9344707
File C:\Python 3.9\Lib\email\_parseaddr.py first seen with mtime 1620034494.0
File C:\Python 3.9\Lib\_collections_abc.py first seen with mtime 1620034494.0
File C:\TestEnv\py3.9\Lib\site-packages\django\utils\functional.py first seen with mtime 1622028452.2454646
File C:\TestEnv\py3.9\Lib\site-packages\_virtualenv.py first seen with mtime 1622028402.2559755
File C:\TestEnv\py3.9\Lib\site-packages\django\db\backends\sqlite3\operations.py first seen with mtime 1622028451.906696
File C:\Python 3.9\Lib\concurrent\futures\_base.py first seen with mtime 1620034494.0
File C:\Python 3.9\DLLs\_overlapped.pyd first seen with mtime 1620034544.0
File C:\TestEnv\py3.9\Lib\site-packages\django\db\backends\base\__init__.py first seen with mtime 1622028451.8407276
File C:\TestEnv\py3.9\Lib\site-packages\django\db\models\utils.py first seen with mtime 1622028451.9567893
File C:\TestEnv\py3.9\Lib\site-packages\django\core\cache\backends\filebased.py first seen with mtime 1622028451.7340853
File C:\TestEnv\py3.9\Lib\site-packages\django\db\models\fields\files.py first seen with mtime 1622028451.9597652
File C:\TestEnv\py3.9\Lib\site-packages\django\db\backends\sqlite3\schema.py first seen with mtime 1622028451.9081848
File C:\TestEnv\py3.9\Lib\site-packages\django\urls\base.py first seen with mtime 1622028452.2037992
File C:\Python 3.9\Lib\queue.py first seen with mtime 1620034494.0
File C:\TestEnv\py3.9\Lib\site-packages\django\contrib\admin\__init__.py first seen with mtime 1622028449.0214942
File C:\Python 3.9\Lib\email\feedparser.py first seen with mtime 1620034494.0
File C:\TestEnv\py3.9\Lib\site-packages\sqlparse\engine\filter_stack.py first seen with mtime 1622028448.1467843
File C:\TestEnv\py3.9\Lib\site-packages\django\core\checks\model_checks.py first seen with mtime 1622028451.742519
File C:\TestEnv\py3.9\Lib\site-packages\django\forms\__init__.py first seen with mtime 1622028451.9925258
File C:\Python 3.9\Lib\signal.py first seen with mtime 1620034494.0
File C:\Python 3.9\Lib\uuid.py first seen with mtime 1620034496.0
File C:\Python 3.9\Lib\json\decoder.py first seen with mtime 1620034494.0
File C:\TestEnv\py3.9\Lib\site-packages\django\utils\itercompat.py first seen with mtime 1622028452.2543907
File C:\TestEnv\py3.9\Lib\site-packages\django\db\backends\sqlite3\features.py first seen with mtime 1622028451.9032214
File C:\TestEnv\py3.9\Lib\site-packages\sqlparse\sql.py first seen with mtime 1622028448.1438081
File C:\TestEnv\py3.9\Lib\site-packages\django\core\handlers\exception.py first seen with mtime 1622028451.7712862
File C:\TestEnv\py3.9\Lib\site-packages\django\db\models\functions\mixins.py first seen with mtime 1622028451.9756384
File C:\TestEnv\py3.9\Lib\site-packages\django\core\serializers\json.py first seen with mtime 1622028451.823862
File C:\TestEnv\py3.9\Lib\site-packages\django\db\backends\signals.py first seen with mtime 1622028451.8382483
File C:\TestEnv\py3.9\Lib\site-packages\django\conf\__init__.py first seen with mtime 1622028448.8022342
File C:\TestEnv\py3.9\Lib\site-packages\django\core\checks\security\__init__.py first seen with mtime 1622028451.7484877
File C:\TestEnv\py3.9\Lib\site-packages\django\db\backends\base\client.py first seen with mtime 1622028451.8432076
File C:\TestEnv\py3.9\Lib\site-packages\django\core\handlers\base.py first seen with mtime 1622028451.7702944
File C:\TestEnv\py3.9\Lib\site-packages\django\contrib\__init__.py first seen with mtime 1622028449.0209947
File C:\Python 3.9\Lib\http\cookies.py first seen with mtime 1620034494.0
File C:\TestEnv\py3.9\Lib\site-packages\django\utils\baseconv.py first seen with mtime 1622028452.2206647
File C:\TestEnv\py3.9\Lib\site-packages\django\db\backends\base\validation.py first seen with mtime 1622028451.8506477
File C:\Python 3.9\Lib\secrets.py first seen with mtime 1620034494.0
File C:\TestEnv\py3.9\Lib\site-packages\django\apps\registry.py first seen with mtime 1622028448.800277
File C:\TestEnv\py3.9\Lib\site-packages\django\db\models\fields\json.py first seen with mtime 1622028451.961253
File C:\TestEnv\py3.9\Lib\site-packages\django\template\loaders\base.py first seen with mtime 1622028452.1636229
File C:\TestEnv\py3.9\Lib\site-packages\django\db\models\constraints.py first seen with mtime 1622028451.9414146
File C:\Python 3.9\Lib\asyncio\streams.py first seen with mtime 1620034494.0
File C:\TestEnv\py3.9\Lib\site-packages\django\contrib\admin\templatetags\log.py first seen with mtime 1622028449.3900387
File C:\TestEnv\py3.9\Lib\site-packages\django\core\checks\templates.py first seen with mtime 1622028451.7445023
File C:\TestEnv\py3.9\Lib\site-packages\django\utils\asyncio.py first seen with mtime 1622028452.2171924
File C:\TestEnv\py3.9\Lib\site-packages\django\utils\html.py first seen with mtime 1622028452.2484403
File C:\TestEnv\py3.9\Lib\site-packages\django\core\checks\caches.py first seen with mtime 1622028451.7395425
File C:\TestEnv\py3.9\Lib\site-packages\django\utils\cache.py first seen with mtime 1622028452.2221522
File C:\Python 3.9\Lib\_compat_pickle.py first seen with mtime 1620034494.0
File C:\Python 3.9\Lib\re.py first seen with mtime 1620034494.0
File C:\TestEnv\py3.9\Lib\site-packages\django\utils\termcolors.py first seen with mtime 1622028452.2672865
File C:\Python 3.9\Lib\email\message.py first seen with mtime 1620034494.0
File C:\Python 3.9\Lib\reprlib.py first seen with mtime 1620034494.0
File C:\Python 3.9\Lib\opcode.py first seen with mtime 1620034494.0
File C:\Python 3.9\Lib\posixpath.py first seen with mtime 1620034494.0
File C:\Python 3.9\Lib\email\_encoded_words.py first seen with mtime 1620034494.0
File C:\Python 3.9\Lib\subprocess.py first seen with mtime 1620034494.0
File C:\TestEnv\py3.9\Lib\site-packages\django\contrib\staticfiles\finders.py first seen with mtime 1622028451.7023425
File C:\TestEnv\py3.9\Lib\site-packages\django\utils\inspect.py first seen with mtime 1622028452.251416
File C:\TestEnv\py3.9\Lib\site-packages\sqlparse\filters\aligned_indent.py first seen with mtime 1622028448.1497602
File C:\TestEnv\py3.9\Lib\site-packages\django\contrib\admin\widgets.py first seen with mtime 1622028449.0304282
File C:\Python 3.9\Lib\types.py first seen with mtime 1620034496.0
File C:\Python 3.9\Lib\statistics.py first seen with mtime 1620034494.0
File C:\TestEnv\py3.9\Lib\site-packages\django\contrib\sessions\models.py first seen with mtime 1622028451.1884859
File C:\TestEnv\py3.9\Lib\site-packages\django\contrib\admin\views\main.py first seen with mtime 1622028449.3929992
File C:\Python 3.9\Lib\email\mime\base.py first seen with mtime 1620034494.0
File C:\TestEnv\py3.9\Lib\site-packages\django\utils\deconstruct.py first seen with mtime 1622028452.234552
File C:\Python 3.9\Lib\distutils\version.py first seen with mtime 1620034494.0
File C:\TestEnv\py3.9\Lib\site-packages\django\forms\widgets.py first seen with mtime 1622028452.0029197
File C:\TestEnv\py3.9\Lib\site-packages\django\contrib\sites\__init__.py first seen with mtime 1622028451.4459307
File C:\TestEnv\py3.9\Lib\site-packages\django\contrib\staticfiles\management\commands\runserver.py first seen with mtime 1622028451.7142463
File C:\Python 3.9\Lib\contextlib.py first seen with mtime 1620034494.0
File C:\TestEnv\py3.9\Lib\site-packages\django\contrib\messages\storage\__init__.py first seen with mtime 1622028450.8071022
File C:\Python 3.9\Lib\email\mime\nonmultipart.py first seen with mtime 1620034494.0
File C:\Python 3.9\Lib\email\utils.py first seen with mtime 1620034494.0
File C:\TestEnv\py3.9\Lib\site-packages\django\template\loaders\filesystem.py first seen with mtime 1622028452.1690788
File C:\TestEnv\py3.9\Lib\site-packages\django\template\smartif.py first seen with mtime 1622028452.143784
File C:\TestEnv\py3.9\Lib\site-packages\django\core\paginator.py first seen with mtime 1622028451.721687
File C:\TestEnv\py3.9\Lib\site-packages\django\apps\config.py first seen with mtime 1622028448.7997785
File C:\TestEnv\py3.9\Lib\site-packages\django\contrib\contenttypes\admin.py first seen with mtime 1622028449.809138
File C:\Python 3.9\Lib\asyncio\transports.py first seen with mtime 1620034494.0
File C:\Python 3.9\Lib\wsgiref\__init__.py first seen with mtime 1620034496.0
File C:\TestEnv\py3.9\Lib\site-packages\django\core\management\commands\runserver.py first seen with mtime 1622028451.8079896
File C:\Python 3.9\Lib\ctypes\_endian.py first seen with mtime 1620034494.0
File C:\Python 3.9\Lib\pathlib.py first seen with mtime 1620034494.0
File C:\TestEnv\py3.9\Lib\site-packages\django\db\backends\sqlite3\creation.py first seen with mtime 1622028451.9017358
File C:\Python 3.9\Lib\email\parser.py first seen with mtime 1620034494.0
File C:\TestEnv\py3.9\Lib\site-packages\django\db\models\fields\related_descriptors.py first seen with mtime 1622028451.966712
File C:\TestEnv\py3.9\Lib\site-packages\django\template\utils.py first seen with mtime 1622028452.1452694
File C:\TestEnv\py3.9\Lib\site-packages\django\contrib\contenttypes\management\__init__.py first seen with mtime 1622028449.9916651
File C:\TestEnv\py3.9\Lib\site-packages\django\contrib\auth\checks.py first seen with mtime 1622028449.589908
File C:\Python 3.9\DLLs\_hashlib.pyd first seen with mtime 1620034544.0
File C:\TestEnv\py3.9\Lib\site-packages\django\db\models\indexes.py first seen with mtime 1622028451.9468713
File C:\TestEnv\py3.9\Lib\site-packages\django\contrib\sessions\__init__.py first seen with mtime 1622028451.1835563
File C:\TestEnv\py3.9\Lib\site-packages\django\core\checks\security\sessions.py first seen with mtime 1622028451.7529638
File C:\Python 3.9\Lib\lzma.py first seen with mtime 1620034494.0
File C:\Python 3.9\Lib\asyncio\coroutines.py first seen with mtime 1620034494.0
File C:\TestEnv\py3.9\Lib\site-packages\pytz\exceptions.py first seen with mtime 1622028448.2563982
File C:\TestEnv\py3.9\Lib\site-packages\django\template\defaulttags.py first seen with mtime 1622028452.1289046
File C:\TestEnv\py3.9\Lib\site-packages\django\views\generic\list.py first seen with mtime 1622028452.3213508
File C:\Python 3.9\Lib\email\charset.py first seen with mtime 1620034494.0
File C:\TestEnv\py3.9\Lib\site-packages\django\contrib\admin\utils.py first seen with mtime 1622028449.0299304
File C:\TestEnv\py3.9\Lib\site-packages\django\db\models\manager.py first seen with mtime 1622028451.9498453
File C:\TestEnv\py3.9\Lib\site-packages\django\db\migrations\utils.py first seen with mtime 1622028451.9255435
File C:\TestEnv\py3.9\Lib\site-packages\django\db\backends\sqlite3\base.py first seen with mtime 1622028451.8987577
File C:\TestEnv\py3.9\Lib\site-packages\django\forms\utils.py first seen with mtime 1622028452.0014317
File C:\TestEnv\py3.9\Lib\site-packages\django\utils\_os.py first seen with mtime 1622028452.2142162
File C:\TestEnv\py3.9\Lib\site-packages\django\core\serializers\base.py first seen with mtime 1622028451.8228703
File C:\TestEnv\py3.9\Lib\site-packages\django\db\models\fields\__init__.py first seen with mtime 1622028451.9587731
File C:\TestEnv\py3.9\Lib\site-packages\django\middleware\security.py first seen with mtime 1622028452.1150162
File C:\Python 3.9\DLLs\select.pyd first seen with mtime 1620034546.0
File C:\TestEnv\py3.9\Lib\site-packages\pytz\tzfile.py first seen with mtime 1622028448.258916
File C:\TestEnv\py3.9\Lib\site-packages\django\contrib\admin\checks.py first seen with mtime 1622028449.0229862
File C:\TestEnv\py3.9\Lib\site-packages\django\contrib\admin\templatetags\admin_list.py first seen with mtime 1622028449.3860576
File C:\TestEnv\py3.9\Lib\site-packages\django\db\backends\base\operations.py first seen with mtime 1622028451.8481677
File C:\Python 3.9\Lib\asyncio\events.py first seen with mtime 1620034494.0
File C:\TestEnv\py3.9\Lib\site-packages\django\core\files\uploadedfile.py first seen with mtime 1622028451.7648387
File C:\TestEnv\py3.9\Lib\site-packages\asgiref\sync.py first seen with mtime 1622028448.7336986
File C:\Python 3.9\Lib\hashlib.py first seen with mtime 1620034494.0
File C:\Python 3.9\Lib\abc.py first seen with mtime 1620034494.0
File C:\TestEnv\py3.9\Lib\site-packages\django\views\debug.py first seen with mtime 1622028452.2905993
File C:\TestEnv\py3.9\Lib\site-packages\django\core\mail\__init__.py first seen with mtime 1622028451.7732704
File C:\Python 3.9\Lib\selectors.py first seen with mtime 1620034494.0
File C:\Python 3.9\Lib\importlib\abc.py first seen with mtime 1620034494.0
File C:\Python 3.9\DLLs\_bz2.pyd first seen with mtime 1620034544.0
File C:\TestEnv\py3.9\Lib\site-packages\django\views\__init__.py first seen with mtime 1622028452.2871277
File C:\TestEnv\py3.9\Lib\site-packages\django\forms\boundfield.py first seen with mtime 1622028451.9935153
File C:\TestEnv\py3.9\Lib\site-packages\django\core\files\__init__.py first seen with mtime 1622028451.7549481
File C:\TestEnv\py3.9\Lib\site-packages\django\contrib\admin\filters.py first seen with mtime 1622028449.0254695
File C:\Python 3.9\Lib\html\__init__.py first seen with mtime 1620034494.0
File C:\TestEnv\py3.9\Lib\site-packages\django\core\checks\urls.py first seen with mtime 1622028451.746983
File C:\Python 3.9\DLLs\_asyncio.pyd first seen with mtime 1620034544.0
File C:\TestEnv\py3.9\Lib\site-packages\django\db\models\base.py first seen with mtime 1622028451.9389348
File C:\TestEnv\py3.9\Lib\site-packages\django\db\models\functions\text.py first seen with mtime 1622028451.9766302
File C:\Python 3.9\Lib\shutil.py first seen with mtime 1620034494.0
File C:\TestEnv\py3.9\Lib\site-packages\django\db\models\functions\datetime.py first seen with mtime 1622028451.97316
File C:\TestEnv\py3.9\Lib\site-packages\django\db\backends\base\features.py first seen with mtime 1622028451.8456879
File C:\TestEnv\hello_django\manage.py first seen with mtime 1622028471.3697608
File C:\TestEnv\py3.9\Lib\site-packages\django\contrib\staticfiles\apps.py first seen with mtime 1622028451.7003584
File C:\Python 3.9\Lib\argparse.py first seen with mtime 1620034494.0
File C:\TestEnv\py3.9\Lib\site-packages\django\contrib\staticfiles\management\__init__.py first seen with mtime 1622028451.7097824
File C:\TestEnv\py3.9\Lib\site-packages\django\contrib\admin\helpers.py first seen with mtime 1622028449.0264604
File C:\Python 3.9\Lib\wsgiref\simple_server.py first seen with mtime 1620034496.0
File C:\Python 3.9\DLLs\_uuid.pyd first seen with mtime 1620034544.0
File C:\TestEnv\py3.9\Lib\site-packages\django\template\loader_tags.py first seen with mtime 1622028452.1388206
File C:\TestEnv\py3.9\Lib\site-packages\django\views\generic\edit.py first seen with mtime 1622028452.3198624
File C:\TestEnv\py3.9\Lib\site-packages\django\contrib\admin\templatetags\admin_modify.py first seen with mtime 1622028449.387017
File C:\TestEnv\py3.9\Lib\site-packages\django\dispatch\__init__.py first seen with mtime 1622028451.989051
File C:\TestEnv\py3.9\Lib\site-packages\django\templatetags\tz.py first seen with mtime 1622028452.1834605
File C:\TestEnv\py3.9\Lib\site-packages\django\utils\timesince.py first seen with mtime 1622028452.270263
File C:\TestEnv\py3.9\Lib\site-packages\django\db\backends\ddl_references.py first seen with mtime 1622028451.8372557
File C:\TestEnv\py3.9\Lib\site-packages\django\views\generic\detail.py first seen with mtime 1622028452.3178768
File C:\Python 3.9\Lib\encodings\aliases.py first seen with mtime 1620034494.0
File C:\TestEnv\py3.9\Lib\site-packages\django\db\models\functions\__init__.py first seen with mtime 1622028451.9706795
File C:\Python 3.9\Lib\socketserver.py first seen with mtime 1620034494.0
File C:\Python 3.9\Lib\http\__init__.py first seen with mtime 1620034494.0
File C:\TestEnv\py3.9\Lib\site-packages\django\middleware\cache.py first seen with mtime 1622028452.103112
File C:\Python 3.9\Lib\threading.py first seen with mtime 1620034496.0
File C:\Python 3.9\Lib\urllib\error.py first seen with mtime 1620034496.0
File C:\TestEnv\py3.9\Lib\site-packages\django\db\models\signals.py first seen with mtime 1622028451.955301
File C:\TestEnv\py3.9\Lib\site-packages\django\utils\version.py first seen with mtime 1622028452.2762144
File C:\Python 3.9\Lib\importlib\__init__.py first seen with mtime 1620034494.0
File C:\Python 3.9\Lib\traceback.py first seen with mtime 1620034496.0
File C:\Python 3.9\Lib\concurrent\futures\__init__.py first seen with mtime 1620034494.0
File C:\TestEnv\py3.9\Lib\site-packages\django\contrib\admin\views\__init__.py first seen with mtime 1622028449.3910174
File C:\TestEnv\py3.9\Lib\site-packages\django\db\backends\__init__.py first seen with mtime 1622028451.835768
File C:\TestEnv\py3.9\Lib\site-packages\django\utils\hashable.py first seen with mtime 1622028452.2469528
File C:\Python 3.9\Lib\wsgiref\handlers.py first seen with mtime 1620034496.0
File C:\TestEnv\py3.9\Lib\site-packages\django\contrib\admin\views\autocomplete.py first seen with mtime 1622028449.3915172
File C:\TestEnv\py3.9\Lib\site-packages\django\core\handlers\asgi.py first seen with mtime 1622028451.7688065
File C:\TestEnv\py3.9\Lib\site-packages\django\db\models\sql\query.py first seen with mtime 1622028451.985064
File C:\TestEnv\py3.9\Lib\site-packages\django\templatetags\cache.py first seen with mtime 1622028452.1745362
File C:\TestEnv\py3.9\Lib\site-packages\django\urls\__init__.py first seen with mtime 1622028452.2023115
File C:\TestEnv\py3.9\Lib\site-packages\django\core\cache\__init__.py first seen with mtime 1622028451.7276385
File C:\TestEnv\py3.9\Lib\site-packages\django\db\models\enums.py first seen with mtime 1622028451.9438934
File C:\TestEnv\py3.9\Lib\site-packages\django\template\engine.py first seen with mtime 1622028452.1303918
File C:\TestEnv\py3.9\Lib\site-packages\django\db\models\constants.py first seen with mtime 1622028451.939927
File C:\Python 3.9\Lib\warnings.py first seen with mtime 1620034496.0
File C:\TestEnv\py3.9\Lib\site-packages\django\utils\datetime_safe.py first seen with mtime 1622028452.233065
File C:\Python 3.9\Lib\codecs.py first seen with mtime 1620034494.0
File C:\Python 3.9\Lib\email\policy.py first seen with mtime 1620034494.0
File C:\Python 3.9\Lib\ctypes\__init__.py first seen with mtime 1620034494.0
File C:\TestEnv\py3.9\Lib\site-packages\pytz\__init__.py first seen with mtime 1622028448.2554061
File C:\Python 3.9\Lib\getpass.py first seen with mtime 1620034494.0
File C:\Python 3.9\Lib\locale.py first seen with mtime 1620034494.0
File C:\TestEnv\py3.9\Lib\site-packages\django\contrib\auth\validators.py first seen with mtime 1622028449.600322
File C:\Python 3.9\Lib\concurrent\__init__.py first seen with mtime 1620034494.0
File C:\TestEnv\py3.9\Lib\site-packages\django\utils\connection.py first seen with mtime 1622028452.223641
File C:\TestEnv\py3.9\Lib\site-packages\django\template\backends\django.py first seen with mtime 1622028452.1517177
File C:\Python 3.9\Lib\http\client.py first seen with mtime 1620034494.0
File C:\Python 3.9\Lib\random.py first seen with mtime 1620034494.0
File C:\Python 3.9\Lib\encodings\latin_1.py first seen with mtime 1620034494.0
File C:\Python 3.9\Lib\ipaddress.py first seen with mtime 1620034494.0
File C:\TestEnv\py3.9\Lib\site-packages\django\core\handlers\__init__.py first seen with mtime 1622028451.7678146
File C:\TestEnv\py3.9\Lib\site-packages\django\contrib\auth\password_validation.py first seen with mtime 1622028449.5973463
File C:\TestEnv\py3.9\Lib\site-packages\django\core\checks\translation.py first seen with mtime 1622028451.7454944
File C:\Python 3.9\Lib\unittest\util.py first seen with mtime 1620034496.0
File C:\Python 3.9\Lib\uu.py first seen with mtime 1620034496.0
File C:\Python 3.9\Lib\asyncio\log.py first seen with mtime 1620034494.0
File C:\TestEnv\py3.9\Lib\site-packages\django\utils\tree.py first seen with mtime 1622028452.2752223
File C:\Python 3.9\Lib\asyncio\tasks.py first seen with mtime 1620034494.0
File C:\TestEnv\py3.9\Lib\site-packages\django\contrib\contenttypes\apps.py first seen with mtime 1622028449.8101292
File C:\Python 3.9\Lib\io.py first seen with mtime 1620034494.0
File C:\Python 3.9\Lib\pickle.py first seen with mtime 1620034494.0
File C:\Python 3.9\Lib\sqlite3\dbapi2.py first seen with mtime 1620034494.0
File C:\TestEnv\py3.9\Lib\site-packages\django\contrib\contenttypes\checks.py first seen with mtime 1622028449.8106265
File C:\Python 3.9\Lib\ctypes\wintypes.py first seen with mtime 1620034494.0
File C:\Python 3.9\Lib\linecache.py first seen with mtime 1620034494.0
File C:\Python 3.9\Lib\logging\__init__.py first seen with mtime 1620034494.0
File C:\TestEnv\py3.9\Lib\site-packages\django\db\models\fields\reverse_related.py first seen with mtime 1622028451.9691918
File C:\TestEnv\py3.9\Lib\site-packages\django\utils\text.py first seen with mtime 1622028452.2687783
File C:\TestEnv\py3.9\Lib\site-packages\django\template\response.py first seen with mtime 1622028452.1413076
File C:\TestEnv\py3.9\Lib\site-packages\sqlparse\exceptions.py first seen with mtime 1622028448.1398401
File C:\TestEnv\py3.9\Lib\site-packages\django\core\handlers\wsgi.py first seen with mtime 1622028451.7722783
File C:\TestEnv\py3.9\Lib\site-packages\asgiref\__init__.py first seen with mtime 1622028448.7302275
File C:\TestEnv\py3.9\Lib\site-packages\django\contrib\admin\templatetags\base.py first seen with mtime 1622028449.3894975
File C:\Python 3.9\Lib\encodings\__init__.py first seen with mtime 1620034494.0
File C:\Python 3.9\Lib\importlib\machinery.py first seen with mtime 1620034494.0
File C:\Python 3.9\Lib\http\server.py first seen with mtime 1620034494.0
File C:\Python 3.9\Lib\gettext.py first seen with mtime 1620034494.0
File C:\TestEnv\py3.9\Lib\site-packages\django\db\migrations\operations\special.py first seen with mtime 1622028451.9329824
File C:\TestEnv\py3.9\Lib\site-packages\django\db\models\lookups.py first seen with mtime 1622028451.9483593
File C:\Python 3.9\Lib\email\mime\text.py first seen with mtime 1620034494.0
File C:\Python 3.9\Lib\ssl.py first seen with mtime 1620034494.0
File C:\TestEnv\py3.9\Lib\site-packages\django\db\models\sql\subqueries.py first seen with mtime 1622028451.9865508
File C:\Python 3.9\Lib\wsgiref\headers.py first seen with mtime 1620034496.0
File C:\Python 3.9\DLLs\_decimal.pyd first seen with mtime 1620034546.0
File C:\TestEnv\py3.9\Lib\site-packages\django\contrib\auth\middleware.py first seen with mtime 1622028449.5948658
File C:\Python 3.9\Lib\asyncio\futures.py first seen with mtime 1620034494.0
File C:\TestEnv\py3.9\Lib\site-packages\django\templatetags\static.py first seen with mtime 1622028452.180985
File C:\Python 3.9\Lib\decimal.py first seen with mtime 1620034494.0
File C:\Python 3.9\Lib\unittest\loader.py first seen with mtime 1620034496.0
File C:\TestEnv\py3.9\Lib\site-packages\sqlparse\filters\__init__.py first seen with mtime 1622028448.149264
File C:\Python 3.9\Lib\copyreg.py first seen with mtime 1620034494.0
File C:\TestEnv\py3.9\Lib\site-packages\django\views\decorators\csrf.py first seen with mtime 1622028452.3039906
File C:\Python 3.9\Lib\asyncio\selector_events.py first seen with mtime 1620034494.0
File C:\Python 3.9\Lib\urllib\request.py first seen with mtime 1620034496.0
File C:\TestEnv\py3.9\Lib\site-packages\django\urls\resolvers.py first seen with mtime 1622028452.2102468
File C:\TestEnv\py3.9\Lib\site-packages\django\core\files\utils.py first seen with mtime 1622028451.7668223
File C:\TestEnv\py3.9\Lib\site-packages\sqlparse\engine\statement_splitter.py first seen with mtime 1622028448.148273
File C:\Python 3.9\Lib\typing.py first seen with mtime 1620034496.0
File C:\TestEnv\py3.9\Lib\site-packages\django\template\base.py first seen with mtime 1622028452.120967
File C:\TestEnv\py3.9\Lib\site-packages\django\core\cache\backends\base.py first seen with mtime 1622028451.7306144
File C:\TestEnv\py3.9\Lib\site-packages\django\contrib\sessions\base_session.py first seen with mtime 1622028451.185544
File C:\Python 3.9\Lib\unittest\signals.py first seen with mtime 1620034496.0
File C:\TestEnv\py3.9\Lib\site-packages\django\db\backends\base\base.py first seen with mtime 1622028451.8422163
File C:\Python 3.9\Lib\asyncio\base_subprocess.py first seen with mtime 1620034494.0
File C:\TestEnv\py3.9\Lib\site-packages\django\contrib\messages\__init__.py first seen with mtime 1622028450.8011122
File C:\TestEnv\py3.9\Lib\site-packages\sqlparse\filters\output.py first seen with mtime 1622028448.1517432
File C:\Python 3.9\Lib\email\mime\__init__.py first seen with mtime 1620034494.0
File C:\Python 3.9\Lib\ast.py first seen with mtime 1620034494.0
File C:\TestEnv\py3.9\Lib\site-packages\django\db\models\fields\related_lookups.py first seen with mtime 1622028451.9682004
File C:\Python 3.9\Lib\functools.py first seen with mtime 1620034494.0
File C:\TestEnv\py3.9\Lib\site-packages\django\middleware\csrf.py first seen with mtime 1622028452.1085649
File C:\TestEnv\py3.9\Lib\site-packages\django\contrib\auth\signals.py first seen with mtime 1622028449.597844
File C:\TestEnv\py3.9\Lib\site-packages\django\template\loader.py first seen with mtime 1622028452.1368408
File C:\Python 3.9\Lib\asyncio\format_helpers.py first seen with mtime 1620034494.0
File C:\TestEnv\py3.9\Lib\site-packages\django\template\defaultfilters.py first seen with mtime 1622028452.1269178
File C:\Python 3.9\Lib\email\errors.py first seen with mtime 1620034494.0
File C:\Python 3.9\DLLs\unicodedata.pyd first seen with mtime 1620034546.0
File C:\Python 3.9\Lib\urllib\response.py first seen with mtime 1620034496.0
File C:\TestEnv\py3.9\Lib\site-packages\django\utils\encoding.py first seen with mtime 1622028452.2405045
File C:\TestEnv\py3.9\Lib\site-packages\django\http\multipartparser.py first seen with mtime 1622028452.0951734
File C:\TestEnv\py3.9\Lib\site-packages\django\core\servers\basehttp.py first seen with mtime 1622028451.8318012
File C:\Python 3.9\Lib\sre_parse.py first seen with mtime 1620034494.0
File C:\TestEnv\py3.9\Lib\site-packages\django\utils\dates.py first seen with mtime 1622028452.2315767
File C:\Python 3.9\Lib\keyword.py first seen with mtime 1620034494.0
File C:\Python 3.9\Lib\asyncio\trsock.py first seen with mtime 1620034494.0
File C:\TestEnv\py3.9\Lib\site-packages\django\db\backends\utils.py first seen with mtime 1622028451.8397336
File C:\TestEnv\py3.9\Lib\site-packages\django\db\utils.py first seen with mtime 1622028451.8352716
File C:\Python 3.9\Lib\asyncio\threads.py first seen with mtime 1620034494.0
File C:\TestEnv\py3.9\Lib\site-packages\django\utils\duration.py first seen with mtime 1622028452.239017
File C:\Python 3.9\DLLs\_ssl.pyd first seen with mtime 1620034546.0
File C:\TestEnv\py3.9\Lib\site-packages\sqlparse\cli.py first seen with mtime 1622028448.1383526
File C:\TestEnv\py3.9\Lib\site-packages\django\utils\regex_helper.py first seen with mtime 1622028452.2643113
File C:\TestEnv\py3.9\Lib\site-packages\django\template\backends\base.py first seen with mtime 1622028452.149736
File C:\TestEnv\py3.9\Lib\site-packages\django\utils\safestring.py first seen with mtime 1622028452.265798
File C:\Python 3.9\Lib\email\generator.py first seen with mtime 1620034494.0
File C:\TestEnv\py3.9\Lib\site-packages\django\contrib\auth\apps.py first seen with mtime 1622028449.5874012
File C:\TestEnv\py3.9\Lib\site-packages\django\views\i18n.py first seen with mtime 1622028452.2935743
File C:\TestEnv\py3.9\Lib\site-packages\django\db\backends\sqlite3\__init__.py first seen with mtime 1622028451.8967733
File C:\Python 3.9\Lib\unittest\main.py first seen with mtime 1620034496.0
File C:\TestEnv\py3.9\Lib\site-packages\django\urls\exceptions.py first seen with mtime 1622028452.2082644
File C:\Python 3.9\Lib\socket.py first seen with mtime 1620034494.0
File C:\TestEnv\py3.9\Lib\site-packages\django\core\management\base.py first seen with mtime 1622028451.7856703
File C:\TestEnv\py3.9\Lib\site-packages\sqlparse\keywords.py first seen with mtime 1622028448.1423202
File C:\Python 3.9\Lib\asyncio\sslproto.py first seen with mtime 1620034494.0
File C:\TestEnv\py3.9\Lib\site-packages\django\core\serializers\__init__.py first seen with mtime 1622028451.8218784
File C:\TestEnv\py3.9\Lib\site-packages\django\views\generic\base.py first seen with mtime 1622028452.3134162
File C:\TestEnv\py3.9\Lib\site-packages\django\utils\formats.py first seen with mtime 1622028452.243976
File C:\Python 3.9\Lib\asyncio\windows_utils.py first seen with mtime 1620034494.0
File C:\TestEnv\py3.9\Lib\site-packages\pytz\lazy.py first seen with mtime 1622028448.2568944
File C:\TestEnv\py3.9\Lib\site-packages\django\utils\autoreload.py first seen with mtime 1622028452.218679
File C:\Python 3.9\Lib\logging\handlers.py first seen with mtime 1620034494.0
File C:\TestEnv\py3.9\Lib\site-packages\sqlparse\__init__.py first seen with mtime 1622028448.1368642
File C:\Python 3.9\Lib\unittest\runner.py first seen with mtime 1620034496.0
File C:\TestEnv\py3.9\Lib\site-packages\sqlparse\lexer.py first seen with mtime 1622028448.143312
File C:\TestEnv\py3.9\Lib\site-packages\django\conf\locale\__init__.py first seen with mtime 1622028448.8071938
File C:\TestEnv\py3.9\Lib\site-packages\django\contrib\admin\templatetags\admin_urls.py first seen with mtime 1622028449.3885045
File C:\TestEnv\py3.9\Lib\site-packages\django\contrib\admin\apps.py first seen with mtime 1622028449.0224924
File C:\TestEnv\py3.9\Lib\site-packages\django\db\models\functions\math.py first seen with mtime 1622028451.9741518
File C:\TestEnv\py3.9\Lib\site-packages\django\core\validators.py first seen with mtime 1622028451.7251587
File C:\TestEnv\py3.9\Lib\site-packages\django\db\backends\sqlite3\client.py first seen with mtime 1622028451.9002478
File C:\TestEnv\py3.9\Lib\site-packages\django\conf\global_settings.py first seen with mtime 1622028448.8027549
File C:\TestEnv\py3.9\Lib\site-packages\django\db\models\functions\window.py first seen with mtime 1622028451.9781485
File C:\TestEnv\py3.9\Lib\site-packages\django\db\models\__init__.py first seen with mtime 1622028451.9359589
File C:\TestEnv\py3.9\Lib\site-packages\sqlparse\filters\tokens.py first seen with mtime 1622028448.155251
File C:\Python 3.9\Lib\glob.py first seen with mtime 1620034494.0
File C:\TestEnv\py3.9\Lib\site-packages\django\core\files\images.py first seen with mtime 1622028451.757397
File C:\TestEnv\py3.9\Lib\site-packages\django\urls\converters.py first seen with mtime 1622028452.2067754
File C:\TestEnv\py3.9\Lib\site-packages\django\contrib\auth\backends.py first seen with mtime 1622028449.5884175
File C:\TestEnv\py3.9\Lib\site-packages\django\db\backends\base\schema.py first seen with mtime 1622028451.8496554
File C:\TestEnv\py3.9\Lib\site-packages\sqlparse\formatter.py first seen with mtime 1622028448.141328
File C:\Python 3.9\Lib\distutils\__init__.py first seen with mtime 1620034494.0
File C:\TestEnv\py3.9\Lib\site-packages\django\db\migrations\operations\base.py first seen with mtime 1622028451.9295108
File C:\TestEnv\py3.9\Lib\site-packages\django\contrib\admin\sites.py first seen with mtime 1622028449.028443
File C:\Python 3.9\Lib\heapq.py first seen with mtime 1620034494.0
File C:\Python 3.9\Lib\concurrent\futures\thread.py first seen with mtime 1620034494.0
File C:\Python 3.9\Lib\tempfile.py first seen with mtime 1620034494.0
File C:\TestEnv\py3.9\Lib\site-packages\django\db\models\sql\where.py first seen with mtime 1622028451.9875627
File C:\Python 3.9\Lib\_compression.py first seen with mtime 1620034494.0
File C:\TestEnv\py3.9\Lib\site-packages\django\core\files\storage.py first seen with mtime 1622028451.761894
File C:\Python 3.9\Lib\copy.py first seen with mtime 1620034494.0
File C:\Python 3.9\Lib\_sitebuiltins.py first seen with mtime 1620034494.0
File C:\Python 3.9\Lib\hmac.py first seen with mtime 1620034494.0
File C:\Python 3.9\Lib\asyncio\locks.py first seen with mtime 1620034494.0
File C:\Python 3.9\Lib\asyncio\base_futures.py first seen with mtime 1620034494.0
File C:\TestEnv\py3.9\Lib\site-packages\django\utils\datastructures.py first seen with mtime 1622028452.2271125
File C:\TestEnv\py3.9\Lib\site-packages\django\core\checks\security\csrf.py first seen with mtime 1622028451.751972
File C:\TestEnv\py3.9\Lib\site-packages\django\http\cookie.py first seen with mtime 1622028452.0936859
File C:\TestEnv\py3.9\Lib\site-packages\django\views\decorators\cache.py first seen with mtime 1622028452.2985334
File C:\Python 3.9\Lib\contextvars.py first seen with mtime 1620034494.0
File C:\TestEnv\hello_django\hello_django\settings.py first seen with mtime 1622028635.099423
File C:\TestEnv\py3.9\Lib\site-packages\sqlparse\filters\others.py first seen with mtime 1622028448.150752
File C:\TestEnv\py3.9\Lib\site-packages\django\contrib\sessions\backends\__init__.py first seen with mtime 1622028451.1900086
File C:\TestEnv\py3.9\Lib\site-packages\django\db\models\expressions.py first seen with mtime 1622028451.9453826
File C:\TestEnv\py3.9\Lib\site-packages\django\db\models\options.py first seen with mtime 1622028451.951333
File C:\TestEnv\py3.9\Lib\site-packages\django\contrib\staticfiles\handlers.py first seen with mtime 1622028451.7033348
File C:\Python 3.9\DLLs\_socket.pyd first seen with mtime 1620034544.0
File C:\Python 3.9\Lib\encodings\cp1252.py first seen with mtime 1620034494.0
File C:\Python 3.9\Lib\numbers.py first seen with mtime 1620034494.0
File C:\TestEnv\py3.9\Lib\site-packages\django\forms\renderers.py first seen with mtime 1622028452.00044
File C:\Python 3.9\Lib\logging\config.py first seen with mtime 1620034494.0
File C:\TestEnv\py3.9\Lib\site-packages\django\views\decorators\common.py first seen with mtime 1622028452.3020046
File C:\TestEnv\py3.9\Lib\site-packages\django\core\signals.py first seen with mtime 1622028451.723175
File C:\TestEnv\py3.9\Lib\site-packages\django\http\request.py first seen with mtime 1622028452.0966613
File C:\TestEnv\py3.9\Lib\site-packages\django\utils\translation\__init__.py first seen with mtime 1622028452.2791896
File C:\TestEnv\py3.9\Lib\site-packages\django\utils\timezone.py first seen with mtime 1622028452.2722478
File C:\Python 3.9\Lib\json\encoder.py first seen with mtime 1620034494.0
File C:\TestEnv\py3.9\Lib\site-packages\django\core\servers\__init__.py first seen with mtime 1622028451.8303106
File C:\TestEnv\py3.9\Lib\site-packages\django\utils\translation\reloader.py first seen with mtime 1622028452.2806792
File C:\TestEnv\py3.9\Lib\site-packages\django\contrib\contenttypes\forms.py first seen with mtime 1622028449.8125837
File C:\TestEnv\py3.9\Lib\site-packages\django\core\files\base.py first seen with mtime 1622028451.7559392
File C:\Python 3.9\Lib\mimetypes.py first seen with mtime 1620034494.0
File C:\TestEnv\py3.9\Lib\site-packages\django\dispatch\dispatcher.py first seen with mtime 1622028451.9900217
File C:\Python 3.9\Lib\bisect.py first seen with mtime 1620034494.0
File C:\Python 3.9\Lib\json\scanner.py first seen with mtime 1620034494.0
File C:\Python 3.9\Lib\unittest\__init__.py first seen with mtime 1620034496.0
File C:\Python 3.9\Lib\token.py first seen with mtime 1620034496.0
File C:\TestEnv\py3.9\Lib\site-packages\django\contrib\staticfiles\views.py first seen with mtime 1622028451.7092867
File C:\TestEnv\py3.9\Lib\site-packages\django\contrib\auth\migrations\0010_alter_group_name_max_length.py first seen with mtime 1622028449.8031895
File C:\TestEnv\py3.9\Lib\site-packages\django\contrib\auth\migrations\0001_initial.py first seen with mtime 1622028449.7962437
File C:\TestEnv\py3.9\Lib\site-packages\django\db\migrations\executor.py first seen with mtime 1622028451.9136398
File C:\TestEnv\py3.9\Lib\site-packages\django\views\defaults.py first seen with mtime 1622028452.2920878
File C:\TestEnv\hello_django\hello_django\wsgi.py first seen with mtime 1622028471.3732328
File C:\TestEnv\py3.9\Lib\site-packages\django\views\csrf.py first seen with mtime 1622028452.2891116
File C:\TestEnv\py3.9\Lib\site-packages\django\contrib\auth\migrations\0004_alter_user_username_opts.py first seen with mtime 1622028449.799193
File C:\TestEnv\py3.9\Lib\site-packages\django\contrib\messages\middleware.py first seen with mtime 1622028450.8051121
File C:\TestEnv\py3.9\Lib\site-packages\django\contrib\auth\migrations\0006_require_contenttypes_0002.py first seen with mtime 1622028449.8007145
File C:\TestEnv\py3.9\Lib\site-packages\django\contrib\admin\migrations\0003_logentry_add_action_flag_choices.py first seen with mtime 1622028449.2605374
File C:\TestEnv\py3.9\Lib\site-packages\django\db\migrations\recorder.py first seen with mtime 1622028451.9215748
File C:\TestEnv\py3.9\Lib\site-packages\django\conf\urls\__init__.py first seen with mtime 1622028449.019506
File C:\Python 3.9\Lib\stringprep.py first seen with mtime 1620034494.0
File C:\TestEnv\py3.9\Lib\site-packages\django\contrib\sessions\exceptions.py first seen with mtime 1622028451.186502
File C:\TestEnv\py3.9\Lib\site-packages\django\contrib\auth\migrations\0007_alter_validators_add_error_messages.py first seen with mtime 1622028449.801211
File C:\TestEnv\py3.9\Lib\site-packages\django\contrib\contenttypes\migrations\__init__.py first seen with mtime 1622028449.9951134
File C:\TestEnv\py3.9\Lib\site-packages\django\db\migrations\graph.py first seen with mtime 1622028451.9151254
File C:\TestEnv\py3.9\Lib\site-packages\django\contrib\contenttypes\migrations\0001_initial.py first seen with mtime 1622028449.9936254
File C:\TestEnv\py3.9\Lib\site-packages\django\core\cache\backends\locmem.py first seen with mtime 1622028451.7350783
File C:\TestEnv\py3.9\Lib\site-packages\django\contrib\admin\migrations\__init__.py first seen with mtime 1622028449.2605374
File C:\TestEnv\py3.9\Lib\site-packages\django\contrib\auth\migrations\0009_alter_user_last_name_max_length.py first seen with mtime 1622028449.8026893
File C:\Python 3.9\Lib\encodings\idna.py first seen with mtime 1620034494.0
File C:\TestEnv\py3.9\Lib\site-packages\django\contrib\admin\migrations\0001_initial.py first seen with mtime 1622028449.259051
File C:\TestEnv\py3.9\Lib\site-packages\django\contrib\auth\migrations\__init__.py first seen with mtime 1622028449.805172
File C:\TestEnv\py3.9\Lib\site-packages\django\contrib\sessions\backends\base.py first seen with mtime 1622028451.191
File C:\TestEnv\py3.9\Lib\site-packages\django\contrib\auth\migrations\0012_alter_user_first_name_max_length.py first seen with mtime 1622028449.8046737
File C:\TestEnv\py3.9\Lib\site-packages\django\middleware\clickjacking.py first seen with mtime 1622028452.104103
File C:\TestEnv\py3.9\Lib\site-packages\django\contrib\sessions\migrations\__init__.py first seen with mtime 1622028451.4364853
File C:\TestEnv\py3.9\Lib\site-packages\django\contrib\auth\migrations\0005_alter_user_last_login_null.py first seen with mtime 1622028449.7997212
File C:\TestEnv\py3.9\Lib\site-packages\django\contrib\auth\migrations\0003_alter_user_email_max_length.py first seen with mtime 1622028449.7982266
File C:\TestEnv\py3.9\Lib\site-packages\django\contrib\auth\migrations\0002_alter_permission_name_max_length.py first seen with mtime 1622028449.7972338
File C:\TestEnv\py3.9\Lib\site-packages\django\contrib\auth\migrations\0008_alter_user_username_max_length.py first seen with mtime 1622028449.8021688
File C:\TestEnv\py3.9\Lib\site-packages\django\contrib\contenttypes\migrations\0002_remove_content_type_name.py first seen with mtime 1622028449.9946172
File C:\TestEnv\py3.9\Lib\site-packages\django\db\migrations\loader.py first seen with mtime 1622028451.91612
File C:\TestEnv\py3.9\Lib\site-packages\django\contrib\sessions\migrations\0001_initial.py first seen with mtime 1622028451.4355187
File C:\TestEnv\py3.9\Lib\site-packages\django\contrib\admin\migrations\0002_logentry_remove_auto_add.py first seen with mtime 1622028449.260067
File C:\TestEnv\py3.9\Lib\site-packages\django\contrib\auth\migrations\0011_update_proxy_permissions.py first seen with mtime 1622028449.8041797
File C:\TestEnv\py3.9\Lib\site-packages\django\contrib\sessions\backends\db.py first seen with mtime 1622028451.1939712
File C:\TestEnv\py3.9\Lib\site-packages\django\middleware\common.py first seen with mtime 1622028452.1055892
Watching for file changes with StatReloader
Waiting for apps ready_event.
Apps ready_event triggered. Sending autoreload_started signal.
Watching dir C:\TestEnv\hello_django\locale with glob **/*.mo.
Watching dir C:\TestEnv\hello_django\myhello\locale with glob **/*.mo.
(0.000) 
            SELECT name, type FROM sqlite_master
            WHERE type in ('table', 'view') AND NOT name='sqlite_sequence'
            ORDER BY name; args=None
File C:\TestEnv\py3.9\Lib\site-packages\pytz\__init__.py first seen with mtime 1622028448.2554061
File C:\TestEnv\py3.9\Lib\site-packages\django\db\migrations\migration.py first seen with mtime 1622028451.9176083
File C:\TestEnv\py3.9\Lib\site-packages\django\core\cache\backends\base.py first seen with mtime 1622028451.7306144
File C:\TestEnv\py3.9\Lib\site-packages\django\contrib\staticfiles\handlers.py first seen with mtime 1622028451.7033348
File C:\Python 3.9\Lib\json\encoder.py first seen with mtime 1620034494.0
File C:\TestEnv\py3.9\Lib\site-packages\django\contrib\contenttypes\views.py first seen with mtime 1622028449.8145673
File C:\Python 3.9\Lib\gettext.py first seen with mtime 1620034494.0
File C:\Python 3.9\Lib\email\contentmanager.py first seen with mtime 1620034494.0
File C:\TestEnv\py3.9\Lib\site-packages\django\apps\registry.py first seen with mtime 1622028448.800277
File C:\Python 3.9\Lib\tokenize.py first seen with mtime 1620034496.0
File C:\TestEnv\py3.9\Lib\site-packages\django\core\checks\translation.py first seen with mtime 1622028451.7454944
File C:\Python 3.9\Lib\sre_compile.py first seen with mtime 1620034494.0
File C:\Python 3.9\Lib\email\__init__.py first seen with mtime 1620034494.0
File C:\TestEnv\py3.9\Lib\site-packages\django\core\checks\caches.py first seen with mtime 1622028451.7395425
File C:\TestEnv\py3.9\Lib\site-packages\django\contrib\admin\views\main.py first seen with mtime 1622028449.3929992
File C:\Python 3.9\Lib\reprlib.py first seen with mtime 1620034494.0
File C:\TestEnv\py3.9\Lib\site-packages\django\contrib\auth\password_validation.py first seen with mtime 1622028449.5973463
File C:\TestEnv\py3.9\Lib\site-packages\django\db\migrations\state.py first seen with mtime 1622028451.9240544
File C:\TestEnv\py3.9\Lib\site-packages\django\http\response.py first seen with mtime 1622028452.0986474
File C:\Python 3.9\Lib\concurrent\__init__.py first seen with mtime 1620034494.0
File C:\Python 3.9\Lib\json\decoder.py first seen with mtime 1620034494.0
File C:\TestEnv\py3.9\Lib\site-packages\django\core\checks\registry.py first seen with mtime 1622028451.7435102
File C:\TestEnv\py3.9\Lib\site-packages\django\core\exceptions.py first seen with mtime 1622028451.7206948
File C:\Python 3.9\Lib\wsgiref\__init__.py first seen with mtime 1620034496.0
File C:\Python 3.9\DLLs\_asyncio.pyd first seen with mtime 1620034544.0
File C:\TestEnv\py3.9\Lib\site-packages\django\db\models\functions\math.py first seen with mtime 1622028451.9741518
File C:\Python 3.9\Lib\importlib\__init__.py first seen with mtime 1620034494.0
File C:\TestEnv\py3.9\Lib\site-packages\django\utils\dateparse.py first seen with mtime 1622028452.2300885
File C:\TestEnv\py3.9\Lib\site-packages\django\apps\config.py first seen with mtime 1622028448.7997785
File C:\TestEnv\py3.9\Lib\site-packages\django\db\utils.py first seen with mtime 1622028451.8352716
File C:\Python 3.9\Lib\asyncio\events.py first seen with mtime 1620034494.0
File C:\TestEnv\py3.9\Lib\site-packages\django\http\__init__.py first seen with mtime 1622028452.0912063
File C:\TestEnv\py3.9\Lib\site-packages\django\utils\numberformat.py first seen with mtime 1622028452.2628226
File C:\TestEnv\py3.9\Lib\site-packages\django\core\handlers\exception.py first seen with mtime 1622028451.7712862
File C:\Python 3.9\Lib\string.py first seen with mtime 1620034494.0
File C:\Python 3.9\Lib\re.py first seen with mtime 1620034494.0
File C:\Python 3.9\Lib\_bootlocale.py first seen with mtime 1620034494.0
File C:\TestEnv\py3.9\Lib\site-packages\django\contrib\contenttypes\models.py first seen with mtime 1622028449.8135757
File C:\Python 3.9\Lib\difflib.py first seen with mtime 1620034494.0
File C:\TestEnv\py3.9\Lib\site-packages\django\db\models\fields\mixins.py first seen with mtime 1622028451.962245
File C:\TestEnv\py3.9\Lib\site-packages\django\db\models\functions\__init__.py first seen with mtime 1622028451.9706795
File C:\TestEnv\py3.9\Lib\site-packages\django\utils\inspect.py first seen with mtime 1622028452.251416
File C:\Python 3.9\Lib\io.py first seen with mtime 1620034494.0
File C:\Python 3.9\DLLs\_overlapped.pyd first seen with mtime 1620034544.0
File C:\Python 3.9\Lib\glob.py first seen with mtime 1620034494.0
File C:\TestEnv\py3.9\Lib\site-packages\django\core\checks\urls.py first seen with mtime 1622028451.746983
File C:\Python 3.9\Lib\opcode.py first seen with mtime 1620034494.0
File C:\TestEnv\py3.9\Lib\site-packages\django\template\loader.py first seen with mtime 1622028452.1368408
File C:\Python 3.9\Lib\pprint.py first seen with mtime 1620034494.0
File C:\TestEnv\py3.9\Lib\site-packages\sqlparse\engine\filter_stack.py first seen with mtime 1622028448.1467843
File C:\Python 3.9\Lib\json\scanner.py first seen with mtime 1620034494.0
File C:\TestEnv\py3.9\Lib\site-packages\django\contrib\admin\templatetags\base.py first seen with mtime 1622028449.3894975
File C:\TestEnv\py3.9\Lib\site-packages\django\contrib\contenttypes\apps.py first seen with mtime 1622028449.8101292
File C:\TestEnv\py3.9\Lib\site-packages\django\core\management\commands\runserver.py first seen with mtime 1622028451.8079896
File C:\TestEnv\py3.9\Lib\site-packages\django\db\backends\sqlite3\__init__.py first seen with mtime 1622028451.8967733
File C:\TestEnv\py3.9\Lib\site-packages\django\core\validators.py first seen with mtime 1622028451.7251587
File C:\Python 3.9\Lib\getpass.py first seen with mtime 1620034494.0
File C:\Python 3.9\Lib\typing.py first seen with mtime 1620034496.0
File C:\TestEnv\py3.9\Lib\site-packages\django\db\models\functions\text.py first seen with mtime 1622028451.9766302
File C:\TestEnv\py3.9\Lib\site-packages\django\db\transaction.py first seen with mtime 1622028451.833782
File C:\Python 3.9\Lib\asyncio\runners.py first seen with mtime 1620034494.0
File C:\TestEnv\py3.9\Lib\site-packages\django\contrib\auth\management\__init__.py first seen with mtime 1622028449.793243
File C:\Python 3.9\Lib\encodings\cp1252.py first seen with mtime 1620034494.0
File C:\TestEnv\py3.9\Lib\site-packages\django\core\files\move.py first seen with mtime 1622028451.760405
File C:\TestEnv\py3.9\Lib\site-packages\django\db\backends\base\features.py first seen with mtime 1622028451.8456879
File C:\Python 3.9\Lib\warnings.py first seen with mtime 1620034496.0
File C:\TestEnv\py3.9\Lib\site-packages\django\db\models\manager.py first seen with mtime 1622028451.9498453
File C:\TestEnv\py3.9\Lib\site-packages\django\contrib\sites\shortcuts.py first seen with mtime 1622028451.4548607
File C:\TestEnv\py3.9\Lib\site-packages\sqlparse\sql.py first seen with mtime 1622028448.1438081
File C:\Python 3.9\Lib\email\utils.py first seen with mtime 1620034494.0
File C:\TestEnv\py3.9\Lib\site-packages\django\db\migrations\operations\base.py first seen with mtime 1622028451.9295108
File C:\Python 3.9\Lib\distutils\__init__.py first seen with mtime 1620034494.0
File C:\Python 3.9\Lib\importlib\machinery.py first seen with mtime 1620034494.0
File C:\Python 3.9\Lib\os.py first seen with mtime 1620034494.0
File C:\Python 3.9\Lib\fnmatch.py first seen with mtime 1620034494.0
File C:\TestEnv\py3.9\Lib\site-packages\django\template\loaders\base.py first seen with mtime 1622028452.1636229
File C:\Python 3.9\Lib\ssl.py first seen with mtime 1620034494.0
File C:\TestEnv\py3.9\Lib\site-packages\django\urls\resolvers.py first seen with mtime 1622028452.2102468
File C:\TestEnv\py3.9\Lib\site-packages\django\template\response.py first seen with mtime 1622028452.1413076
File C:\TestEnv\py3.9\Lib\site-packages\asgiref\sync.py first seen with mtime 1622028448.7336986
File C:\TestEnv\py3.9\Lib\site-packages\sqlparse\filters\others.py first seen with mtime 1622028448.150752
File C:\TestEnv\py3.9\Lib\site-packages\django\urls\conf.py first seen with mtime 1622028452.2052855
File C:\Python 3.9\Lib\email\quoprimime.py first seen with mtime 1620034494.0
File C:\TestEnv\py3.9\Lib\site-packages\django\template\__init__.py first seen with mtime 1622028452.1174934
File C:\Python 3.9\Lib\_sitebuiltins.py first seen with mtime 1620034494.0
File C:\Python 3.9\Lib\asyncio\transports.py first seen with mtime 1620034494.0
File C:\TestEnv\py3.9\Lib\site-packages\django\db\backends\sqlite3\schema.py first seen with mtime 1622028451.9081848
File C:\TestEnv\py3.9\Lib\site-packages\django\utils\datastructures.py first seen with mtime 1622028452.2271125
File C:\TestEnv\py3.9\Lib\site-packages\django\urls\base.py first seen with mtime 1622028452.2037992
File C:\Python 3.9\Lib\urllib\parse.py first seen with mtime 1620034496.0
File C:\TestEnv\py3.9\Lib\site-packages\django\contrib\auth\backends.py first seen with mtime 1622028449.5884175
File C:\TestEnv\py3.9\Lib\site-packages\django\utils\regex_helper.py first seen with mtime 1622028452.2643113
File C:\TestEnv\py3.9\Lib\site-packages\django\core\files\base.py first seen with mtime 1622028451.7559392
File C:\TestEnv\py3.9\Lib\site-packages\django\template\smartif.py first seen with mtime 1622028452.143784
File C:\TestEnv\py3.9\Lib\site-packages\django\contrib\admin\exceptions.py first seen with mtime 1622028449.0244412
File C:\TestEnv\py3.9\Lib\site-packages\django\templatetags\static.py first seen with mtime 1622028452.180985
File C:\Python 3.9\Lib\pkgutil.py first seen with mtime 1620034494.0
File C:\Python 3.9\Lib\concurrent\futures\__init__.py first seen with mtime 1620034494.0
File C:\Python 3.9\Lib\email\_policybase.py first seen with mtime 1620034494.0
File C:\TestEnv\py3.9\Lib\site-packages\sqlparse\__init__.py first seen with mtime 1622028448.1368642
File C:\Python 3.9\Lib\email\feedparser.py first seen with mtime 1620034494.0
File C:\Python 3.9\Lib\codecs.py first seen with mtime 1620034494.0
File C:\TestEnv\py3.9\Lib\site-packages\django\views\static.py first seen with mtime 1622028452.2950628
File C:\Python 3.9\Lib\hashlib.py first seen with mtime 1620034494.0
File C:\TestEnv\py3.9\Lib\site-packages\django\utils\encoding.py first seen with mtime 1622028452.2405045
File C:\Python 3.9\Lib\base64.py first seen with mtime 1620034494.0
File C:\TestEnv\py3.9\Lib\site-packages\django\core\files\images.py first seen with mtime 1622028451.757397
File C:\Python 3.9\Lib\html\__init__.py first seen with mtime 1620034494.0
File C:\TestEnv\py3.9\Lib\site-packages\pytz\tzinfo.py first seen with mtime 1622028448.2594073
File C:\Python 3.9\Lib\sre_constants.py first seen with mtime 1620034494.0
File C:\Python 3.9\Lib\asyncio\__init__.py first seen with mtime 1620034494.0
File C:\TestEnv\py3.9\Lib\site-packages\django\views\defaults.py first seen with mtime 1622028452.2920878
File C:\TestEnv\py3.9\Lib\site-packages\django\contrib\admin\options.py first seen with mtime 1622028449.0279152
File C:\TestEnv\py3.9\Lib\site-packages\django\forms\formsets.py first seen with mtime 1622028451.9974961
File C:\TestEnv\py3.9\Lib\site-packages\django\contrib\auth\hashers.py first seen with mtime 1622028449.5943701
File C:\TestEnv\py3.9\Lib\site-packages\django\contrib\auth\admin.py first seen with mtime 1622028449.5869377
File C:\TestEnv\py3.9\Lib\site-packages\django\contrib\staticfiles\finders.py first seen with mtime 1622028451.7023425
File C:\Python 3.9\Lib\wsgiref\util.py first seen with mtime 1620034496.0
File C:\TestEnv\py3.9\Lib\site-packages\django\db\models\query.py first seen with mtime 1622028451.952821
File C:\Python 3.9\Lib\contextlib.py first seen with mtime 1620034494.0
File C:\Python 3.9\Lib\heapq.py first seen with mtime 1620034494.0
File C:\TestEnv\py3.9\Lib\site-packages\django\core\checks\security\base.py first seen with mtime 1622028451.7504833
File C:\Python 3.9\Lib\bz2.py first seen with mtime 1620034494.0
File C:\Python 3.9\Lib\urllib\response.py first seen with mtime 1620034496.0
File C:\Python 3.9\Lib\keyword.py first seen with mtime 1620034494.0
File C:\TestEnv\py3.9\Lib\site-packages\django\contrib\sessions\backends\__init__.py first seen with mtime 1622028451.1900086
File C:\Python 3.9\Lib\asyncio\proactor_events.py first seen with mtime 1620034494.0
File C:\TestEnv\py3.9\Lib\site-packages\django\db\migrations\operations\models.py first seen with mtime 1622028451.9319916
File C:\Python 3.9\Lib\urllib\__init__.py first seen with mtime 1620034496.0
File C:\TestEnv\py3.9\Lib\site-packages\django\template\utils.py first seen with mtime 1622028452.1452694
File C:\Python 3.9\Lib\contextvars.py first seen with mtime 1620034494.0
File C:\Python 3.9\Lib\ast.py first seen with mtime 1620034494.0
File C:\Python 3.9\Lib\asyncio\log.py first seen with mtime 1620034494.0
File C:\TestEnv\py3.9\Lib\site-packages\asgiref\local.py first seen with mtime 1622028448.7317207
File C:\Python 3.9\Lib\email\_parseaddr.py first seen with mtime 1620034494.0
File C:\Python 3.9\Lib\abc.py first seen with mtime 1620034494.0
File C:\TestEnv\py3.9\Lib\site-packages\sqlparse\utils.py first seen with mtime 1622028448.1452966
File C:\TestEnv\py3.9\Lib\site-packages\django\db\backends\base\__init__.py first seen with mtime 1622028451.8407276
File C:\TestEnv\py3.9\Lib\site-packages\django\db\models\enums.py first seen with mtime 1622028451.9438934
File C:\TestEnv\py3.9\Lib\site-packages\django\db\backends\sqlite3\creation.py first seen with mtime 1622028451.9017358
File C:\TestEnv\py3.9\Lib\site-packages\django\utils\asyncio.py first seen with mtime 1622028452.2171924
File C:\TestEnv\py3.9\Lib\site-packages\django\utils\dates.py first seen with mtime 1622028452.2315767
File C:\TestEnv\py3.9\Lib\site-packages\django\core\serializers\base.py first seen with mtime 1622028451.8228703
File C:\TestEnv\py3.9\Lib\site-packages\django\contrib\contenttypes\fields.py first seen with mtime 1622028449.8116188
File C:\TestEnv\py3.9\Lib\site-packages\django\template\exceptions.py first seen with mtime 1622028452.132871
File C:\TestEnv\py3.9\Lib\site-packages\django\template\loader_tags.py first seen with mtime 1622028452.1388206
File C:\TestEnv\py3.9\Lib\site-packages\django\core\__init__.py first seen with mtime 1622028451.7187116
File C:\Python 3.9\Lib\asyncio\base_subprocess.py first seen with mtime 1620034494.0
File C:\Python 3.9\Lib\_markupbase.py first seen with mtime 1620034494.0
File C:\TestEnv\py3.9\Lib\site-packages\django\middleware\csrf.py first seen with mtime 1622028452.1085649
File C:\Python 3.9\Lib\asyncio\windows_utils.py first seen with mtime 1620034494.0
File C:\TestEnv\py3.9\Lib\site-packages\django\conf\locale\__init__.py first seen with mtime 1622028448.8071938
File C:\Python 3.9\Lib\asyncio\queues.py first seen with mtime 1620034494.0
File C:\TestEnv\py3.9\Lib\site-packages\django\db\models\query_utils.py first seen with mtime 1622028451.954309
File C:\Python 3.9\Lib\email\headerregistry.py first seen with mtime 1620034494.0
File C:\Python 3.9\Lib\shutil.py first seen with mtime 1620034494.0
File C:\TestEnv\py3.9\Lib\site-packages\sqlparse\exceptions.py first seen with mtime 1622028448.1398401
File C:\Python 3.9\Lib\email\charset.py first seen with mtime 1620034494.0
File C:\Python 3.9\Lib\pickle.py first seen with mtime 1620034494.0
File C:\Python 3.9\Lib\asyncio\selector_events.py first seen with mtime 1620034494.0
File C:\Python 3.9\Lib\http\client.py first seen with mtime 1620034494.0
File C:\TestEnv\py3.9\Lib\site-packages\django\core\management\base.py first seen with mtime 1622028451.7856703
File C:\TestEnv\py3.9\Lib\site-packages\django\db\models\functions\mixins.py first seen with mtime 1622028451.9756384
File C:\TestEnv\py3.9\Lib\site-packages\django\contrib\messages\storage\__init__.py first seen with mtime 1622028450.8071022
File C:\TestEnv\py3.9\Lib\site-packages\django\contrib\auth\forms.py first seen with mtime 1622028449.593378
File C:\TestEnv\py3.9\Lib\site-packages\django\db\models\constraints.py first seen with mtime 1622028451.9414146
File C:\TestEnv\py3.9\Lib\site-packages\django\utils\cache.py first seen with mtime 1622028452.2221522
File C:\TestEnv\py3.9\Lib\site-packages\django\http\cookie.py first seen with mtime 1622028452.0936859
File C:\TestEnv\py3.9\Lib\site-packages\django\contrib\sessions\base_session.py first seen with mtime 1622028451.185544
File C:\Python 3.9\Lib\http\server.py first seen with mtime 1620034494.0
File C:\TestEnv\py3.9\Lib\site-packages\django\utils\version.py first seen with mtime 1622028452.2762144
File C:\Python 3.9\Lib\asyncio\sslproto.py first seen with mtime 1620034494.0
File C:\TestEnv\py3.9\Lib\site-packages\django\utils\safestring.py first seen with mtime 1622028452.265798
File C:\TestEnv\py3.9\Lib\site-packages\django\contrib\__init__.py first seen with mtime 1622028449.0209947
File C:\Python 3.9\Lib\encodings\utf_8.py first seen with mtime 1620034494.0
File C:\TestEnv\py3.9\Lib\site-packages\django\core\paginator.py first seen with mtime 1622028451.721687
File C:\TestEnv\py3.9\Lib\site-packages\django\db\backends\base\schema.py first seen with mtime 1622028451.8496554
File C:\Python 3.9\Lib\random.py first seen with mtime 1620034494.0
File C:\TestEnv\py3.9\Lib\site-packages\django\core\checks\async_checks.py first seen with mtime 1622028451.7385504
File C:\TestEnv\py3.9\Lib\site-packages\django\contrib\staticfiles\__init__.py first seen with mtime 1622028451.6988707
File C:\Python 3.9\DLLs\_socket.pyd first seen with mtime 1620034544.0
File C:\Python 3.9\Lib\encodings\__init__.py first seen with mtime 1620034494.0
File C:\Python 3.9\Lib\encodings\latin_1.py first seen with mtime 1620034494.0
File C:\TestEnv\py3.9\Lib\site-packages\django\template\library.py first seen with mtime 1622028452.1353495
File C:\TestEnv\py3.9\Lib\site-packages\django\core\handlers\wsgi.py first seen with mtime 1622028451.7722783
File C:\TestEnv\py3.9\Lib\site-packages\django\http\multipartparser.py first seen with mtime 1622028452.0951734
File C:\TestEnv\py3.9\Lib\site-packages\django\utils\tree.py first seen with mtime 1622028452.2752223
File C:\Python 3.9\Lib\numbers.py first seen with mtime 1620034494.0
File C:\Python 3.9\Lib\sqlite3\__init__.py first seen with mtime 1620034494.0
File C:\TestEnv\py3.9\Lib\site-packages\django\db\models\aggregates.py first seen with mtime 1622028451.9369495
File C:\Python 3.9\Lib\email\mime\__init__.py first seen with mtime 1620034494.0
File C:\Python 3.9\Lib\wsgiref\headers.py first seen with mtime 1620034496.0
File C:\TestEnv\py3.9\Lib\site-packages\django\contrib\admin\views\__init__.py first seen with mtime 1622028449.3910174
File C:\TestEnv\py3.9\Lib\site-packages\django\contrib\contenttypes\management\__init__.py first seen with mtime 1622028449.9916651
File C:\Python 3.9\Lib\tempfile.py first seen with mtime 1620034494.0
File C:\TestEnv\py3.9\Lib\site-packages\django\contrib\sessions\middleware.py first seen with mtime 1622028451.1874938
File C:\TestEnv\py3.9\Lib\site-packages\django\contrib\staticfiles\management\commands\runserver.py first seen with mtime 1622028451.7142463
File C:\TestEnv\py3.9\Lib\site-packages\django\utils\__init__.py first seen with mtime 1622028452.2127278
File C:\Python 3.9\Lib\bisect.py first seen with mtime 1620034494.0
File C:\TestEnv\py3.9\Lib\site-packages\django\db\models\fields\json.py first seen with mtime 1622028451.961253
File C:\Python 3.9\DLLs\_hashlib.pyd first seen with mtime 1620034544.0
File C:\TestEnv\py3.9\Lib\site-packages\django\contrib\admin\__init__.py first seen with mtime 1622028449.0214942
File C:\Python 3.9\Lib\email\mime\text.py first seen with mtime 1620034494.0
File C:\TestEnv\py3.9\Lib\site-packages\django\contrib\messages\constants.py first seen with mtime 1622028450.8035922
File C:\TestEnv\py3.9\Lib\site-packages\django\utils\translation\trans_real.py first seen with mtime 1622028452.2856417
File C:\TestEnv\py3.9\Lib\site-packages\django\contrib\messages\apps.py first seen with mtime 1622028450.8026004
File C:\TestEnv\py3.9\Lib\site-packages\django\utils\termcolors.py first seen with mtime 1622028452.2672865
File C:\TestEnv\py3.9\Lib\site-packages\django\contrib\admin\templatetags\admin_list.py first seen with mtime 1622028449.3860576
File C:\Python 3.9\Lib\enum.py first seen with mtime 1620034494.0
File C:\TestEnv\py3.9\Lib\site-packages\sqlparse\filters\tokens.py first seen with mtime 1622028448.155251
File C:\Python 3.9\Lib\logging\__init__.py first seen with mtime 1620034494.0
File C:\Python 3.9\Lib\email\message.py first seen with mtime 1620034494.0
File C:\TestEnv\py3.9\Lib\site-packages\django\core\serializers\json.py first seen with mtime 1622028451.823862
File C:\TestEnv\py3.9\Lib\site-packages\django\db\models\sql\subqueries.py first seen with mtime 1622028451.9865508
File C:\TestEnv\py3.9\Lib\site-packages\django\utils\text.py first seen with mtime 1622028452.2687783
File C:\Python 3.9\Lib\distutils\version.py first seen with mtime 1620034494.0
File C:\Python 3.9\Lib\posixpath.py first seen with mtime 1620034494.0
File C:\Python 3.9\Lib\linecache.py first seen with mtime 1620034494.0
File C:\TestEnv\py3.9\Lib\site-packages\django\contrib\admin\widgets.py first seen with mtime 1622028449.0304282
File C:\TestEnv\py3.9\Lib\site-packages\django\core\cache\backends\filebased.py first seen with mtime 1622028451.7340853
File C:\TestEnv\py3.9\Lib\site-packages\django\db\models\sql\datastructures.py first seen with mtime 1622028451.9836104
File C:\TestEnv\py3.9\Lib\site-packages\django\utils\timesince.py first seen with mtime 1622028452.270263
File C:\Python 3.9\DLLs\unicodedata.pyd first seen with mtime 1620034546.0
File C:\TestEnv\py3.9\Lib\site-packages\django\template\backends\__init__.py first seen with mtime 1622028452.14676
File C:\TestEnv\py3.9\Lib\site-packages\django\views\generic\dates.py first seen with mtime 1622028452.3154001
File C:\TestEnv\py3.9\Lib\site-packages\django\contrib\sessions\__init__.py first seen with mtime 1622028451.1835563
File C:\Python 3.9\Lib\ntpath.py first seen with mtime 1620034494.0
File C:\TestEnv\py3.9\Lib\site-packages\django\db\models\__init__.py first seen with mtime 1622028451.9359589
File C:\Python 3.9\Lib\site.py first seen with mtime 1620034494.0
File C:\TestEnv\py3.9\Lib\site-packages\django\contrib\staticfiles\utils.py first seen with mtime 1622028451.7082944
File C:\TestEnv\py3.9\Lib\site-packages\django\db\models\sql\constants.py first seen with mtime 1622028451.9820862
File C:\Python 3.9\Lib\_collections_abc.py first seen with mtime 1620034494.0
File C:\Python 3.9\Lib\ctypes\__init__.py first seen with mtime 1620034494.0
File C:\TestEnv\py3.9\Lib\site-packages\django\core\checks\database.py first seen with mtime 1622028451.7405343
File C:\TestEnv\py3.9\Lib\site-packages\django\db\migrations\operations\fields.py first seen with mtime 1622028451.9305024
File C:\TestEnv\py3.9\Lib\site-packages\django\template\defaulttags.py first seen with mtime 1622028452.1289046
File C:\Python 3.9\Lib\unittest\main.py first seen with mtime 1620034496.0
File C:\TestEnv\py3.9\Lib\site-packages\django\utils\translation\reloader.py first seen with mtime 1622028452.2806792
File C:\Python 3.9\Lib\uuid.py first seen with mtime 1620034496.0
File C:\TestEnv\py3.9\Lib\site-packages\django\contrib\contenttypes\forms.py first seen with mtime 1622028449.8125837
File C:\Python 3.9\Lib\asyncio\streams.py first seen with mtime 1620034494.0
File C:\TestEnv\py3.9\Lib\site-packages\django\db\backends\base\creation.py first seen with mtime 1622028451.8441997
File C:\TestEnv\py3.9\Lib\site-packages\django\forms\boundfield.py first seen with mtime 1622028451.9935153
File C:\TestEnv\py3.9\Lib\site-packages\django\utils\log.py first seen with mtime 1622028452.2578614
File C:\TestEnv\py3.9\Lib\site-packages\django\utils\dateformat.py first seen with mtime 1622028452.2286005
File C:\TestEnv\py3.9\Lib\site-packages\sqlparse\filters\output.py first seen with mtime 1622028448.1517432
File C:\Python 3.9\Lib\gzip.py first seen with mtime 1620034494.0
File C:\Python 3.9\Lib\http\__init__.py first seen with mtime 1620034494.0
File C:\Python 3.9\Lib\json\__init__.py first seen with mtime 1620034494.0
File C:\Python 3.9\Lib\email\iterators.py first seen with mtime 1620034494.0
File C:\TestEnv\py3.9\Lib\site-packages\django\db\models\indexes.py first seen with mtime 1622028451.9468713
File C:\TestEnv\py3.9\Lib\site-packages\django\db\backends\sqlite3\introspection.py first seen with mtime 1622028451.905207
File C:\Python 3.9\Lib\urllib\request.py first seen with mtime 1620034496.0
File C:\TestEnv\py3.9\Lib\site-packages\django\contrib\auth\middleware.py first seen with mtime 1622028449.5948658
File C:\TestEnv\py3.9\Lib\site-packages\sqlparse\filters\aligned_indent.py first seen with mtime 1622028448.1497602
File C:\Python 3.9\Lib\wsgiref\handlers.py first seen with mtime 1620034496.0
File C:\Python 3.9\Lib\sqlite3\dbapi2.py first seen with mtime 1620034494.0
File C:\Python 3.9\Lib\quopri.py first seen with mtime 1620034494.0
File C:\TestEnv\py3.9\Lib\site-packages\django\contrib\admin\helpers.py first seen with mtime 1622028449.0264604
File C:\TestEnv\py3.9\Lib\site-packages\django\conf\global_settings.py first seen with mtime 1622028448.8027549
File C:\TestEnv\py3.9\Lib\site-packages\django\contrib\admin\utils.py first seen with mtime 1622028449.0299304
File C:\TestEnv\py3.9\Lib\site-packages\django\db\models\fields\reverse_related.py first seen with mtime 1622028451.9691918
File C:\TestEnv\py3.9\Lib\site-packages\django\db\models\functions\comparison.py first seen with mtime 1622028451.9716723
File C:\TestEnv\py3.9\Lib\site-packages\django\views\debug.py first seen with mtime 1622028452.2905993
File C:\Python 3.9\Lib\uu.py first seen with mtime 1620034496.0
File C:\TestEnv\hello_django\hello_django\urls.py first seen with mtime 1622028779.2090366
File C:\TestEnv\py3.9\Lib\site-packages\django\core\signals.py first seen with mtime 1622028451.723175
File C:\Python 3.9\Lib\signal.py first seen with mtime 1620034494.0
File C:\TestEnv\py3.9\Lib\site-packages\sqlparse\engine\statement_splitter.py first seen with mtime 1622028448.148273
File C:\TestEnv\py3.9\Lib\site-packages\django\contrib\staticfiles\management\__init__.py first seen with mtime 1622028451.7097824
File C:\TestEnv\py3.9\Lib\site-packages\django\contrib\admin\templatetags\admin_modify.py first seen with mtime 1622028449.387017
File C:\TestEnv\py3.9\Lib\site-packages\django\db\backends\sqlite3\base.py first seen with mtime 1622028451.8987577
File C:\Python 3.9\Lib\queue.py first seen with mtime 1620034494.0
File C:\TestEnv\py3.9\Lib\site-packages\django\utils\baseconv.py first seen with mtime 1622028452.2206647
File C:\TestEnv\py3.9\Lib\site-packages\django\templatetags\cache.py first seen with mtime 1622028452.1745362
File C:\TestEnv\py3.9\Lib\site-packages\django\contrib\auth\__init__.py first seen with mtime 1622028449.5859475
File C:\TestEnv\hello_django\myhello\admin.py first seen with mtime 1622028701.2849002
File C:\TestEnv\py3.9\Lib\site-packages\django\db\models\utils.py first seen with mtime 1622028451.9567893
File C:\Python 3.9\Lib\html\entities.py first seen with mtime 1620034494.0
File C:\TestEnv\py3.9\Lib\site-packages\django\forms\fields.py first seen with mtime 1622028451.9950042
File C:\TestEnv\py3.9\Lib\site-packages\django\views\generic\list.py first seen with mtime 1622028452.3213508
File C:\TestEnv\py3.9\Lib\site-packages\asgiref\current_thread_executor.py first seen with mtime 1622028448.73122
File C:\TestEnv\py3.9\Lib\site-packages\django\db\models\sql\where.py first seen with mtime 1622028451.9875627
File C:\TestEnv\py3.9\Lib\site-packages\django\utils\translation\__init__.py first seen with mtime 1622028452.2791896
File C:\TestEnv\py3.9\Lib\site-packages\_virtualenv.py first seen with mtime 1622028402.2559755
File C:\TestEnv\py3.9\Lib\site-packages\django\dispatch\__init__.py first seen with mtime 1622028451.989051
File C:\TestEnv\py3.9\Lib\site-packages\django\views\generic\__init__.py first seen with mtime 1622028452.311927
File C:\Python 3.9\Lib\inspect.py first seen with mtime 1620034494.0
File C:\TestEnv\py3.9\Lib\site-packages\django\core\servers\__init__.py first seen with mtime 1622028451.8303106
File C:\Python 3.9\Lib\asyncio\base_events.py first seen with mtime 1620034494.0
File C:\TestEnv\py3.9\Lib\site-packages\django\core\handlers\asgi.py first seen with mtime 1622028451.7688065
File C:\Python 3.9\Lib\importlib\util.py first seen with mtime 1620034494.0
File C:\TestEnv\py3.9\Lib\site-packages\django\template\base.py first seen with mtime 1622028452.120967
File C:\TestEnv\py3.9\Lib\site-packages\django\db\backends\ddl_references.py first seen with mtime 1622028451.8372557
File C:\TestEnv\py3.9\Lib\site-packages\django\templatetags\tz.py first seen with mtime 1622028452.1834605
File C:\TestEnv\py3.9\Lib\site-packages\django\contrib\admin\models.py first seen with mtime 1622028449.0269544
File C:\Python 3.9\Lib\asyncio\protocols.py first seen with mtime 1620034494.0
File C:\TestEnv\py3.9\Lib\site-packages\django\core\management\commands\__init__.py first seen with mtime 1622028451.7911263
File C:\Python 3.9\Lib\importlib\abc.py first seen with mtime 1620034494.0
File C:\TestEnv\py3.9\Lib\site-packages\django\core\files\uploadedfile.py first seen with mtime 1622028451.7648387
File C:\TestEnv\py3.9\Lib\site-packages\django\core\cache\__init__.py first seen with mtime 1622028451.7276385
File C:\TestEnv\py3.9\Lib\site-packages\django\db\backends\sqlite3\operations.py first seen with mtime 1622028451.906696
File C:\TestEnv\py3.9\Lib\site-packages\django\contrib\admin\apps.py first seen with mtime 1622028449.0224924
File C:\TestEnv\py3.9\Lib\site-packages\django\templatetags\__init__.py first seen with mtime 1622028452.1720533
File C:\TestEnv\py3.9\Lib\site-packages\django\urls\utils.py first seen with mtime 1622028452.2117355
File C:\TestEnv\py3.9\Lib\site-packages\django\core\checks\templates.py first seen with mtime 1622028451.7445023
File C:\TestEnv\py3.9\Lib\site-packages\django\utils\http.py first seen with mtime 1622028452.249928
File C:\TestEnv\py3.9\Lib\site-packages\django\utils\html.py first seen with mtime 1622028452.2484403
File C:\TestEnv\py3.9\Lib\site-packages\django\utils\formats.py first seen with mtime 1622028452.243976
File C:\Python 3.9\Lib\encodings\aliases.py first seen with mtime 1620034494.0
File C:\Python 3.9\Lib\email\mime\multipart.py first seen with mtime 1620034494.0
File C:\TestEnv\py3.9\Lib\site-packages\django\views\__init__.py first seen with mtime 1622028452.2871277
File C:\Python 3.9\Lib\unittest\suite.py first seen with mtime 1620034496.0
File C:\TestEnv\hello_django\hello_django\__init__.py first seen with mtime 1622028471.374224
File C:\TestEnv\py3.9\Lib\site-packages\django\template\autoreload.py first seen with mtime 1622028452.1189811
File C:\Python 3.9\DLLs\select.pyd first seen with mtime 1620034546.0
File C:\TestEnv\py3.9\Lib\site-packages\django\contrib\admin\templatetags\admin_urls.py first seen with mtime 1622028449.3885045
File C:\TestEnv\py3.9\Lib\site-packages\django\db\models\fields\related.py first seen with mtime 1622028451.9652238
File C:\Python 3.9\Lib\selectors.py first seen with mtime 1620034494.0
File C:\TestEnv\py3.9\Lib\site-packages\django\urls\exceptions.py first seen with mtime 1622028452.2082644
File C:\TestEnv\py3.9\Lib\site-packages\django\core\signing.py first seen with mtime 1622028451.7241664
File C:\TestEnv\py3.9\Lib\site-packages\django\forms\renderers.py first seen with mtime 1622028452.00044
File C:\TestEnv\py3.9\Lib\site-packages\django\middleware\cache.py first seen with mtime 1622028452.103112
File C:\TestEnv\py3.9\Lib\site-packages\django\views\decorators\common.py first seen with mtime 1622028452.3020046
File C:\TestEnv\py3.9\Lib\site-packages\django\core\handlers\__init__.py first seen with mtime 1622028451.7678146
File C:\TestEnv\py3.9\Lib\site-packages\django\template\backends\django.py first seen with mtime 1622028452.1517177
File C:\TestEnv\py3.9\Lib\site-packages\sqlparse\formatter.py first seen with mtime 1622028448.141328
File C:\TestEnv\py3.9\Lib\site-packages\django\db\backends\base\introspection.py first seen with mtime 1622028451.8471758
File C:\TestEnv\py3.9\Lib\site-packages\django\http\request.py first seen with mtime 1622028452.0966613
File C:\Python 3.9\Lib\asyncio\staggered.py first seen with mtime 1620034494.0
File C:\TestEnv\py3.9\Lib\site-packages\django\template\defaultfilters.py first seen with mtime 1622028452.1269178
File C:\Python 3.9\Lib\threading.py first seen with mtime 1620034496.0
File C:\TestEnv\hello_django\manage.py first seen with mtime 1622028471.3697608
File C:\TestEnv\py3.9\Lib\site-packages\django\db\models\lookups.py first seen with mtime 1622028451.9483593
File C:\Python 3.9\Lib\cgi.py first seen with mtime 1620034494.0
File C:\TestEnv\py3.9\Lib\site-packages\django\db\models\signals.py first seen with mtime 1622028451.955301
File C:\Python 3.9\Lib\unittest\runner.py first seen with mtime 1620034496.0
File C:\Python 3.9\Lib\weakref.py first seen with mtime 1620034496.0
File C:\Python 3.9\Lib\logging\config.py first seen with mtime 1620034494.0
File C:\TestEnv\py3.9\Lib\site-packages\django\contrib\contenttypes\__init__.py first seen with mtime 1622028449.808148
File C:\Python 3.9\Lib\asyncio\coroutines.py first seen with mtime 1620034494.0
File C:\Python 3.9\Lib\struct.py first seen with mtime 1620034494.0
File C:\TestEnv\py3.9\Lib\site-packages\django\db\migrations\exceptions.py first seen with mtime 1622028451.9121504
File C:\TestEnv\py3.9\Lib\site-packages\django\core\cache\utils.py first seen with mtime 1622028451.728631
File C:\TestEnv\py3.9\Lib\site-packages\django\db\backends\__init__.py first seen with mtime 1622028451.835768
File C:\TestEnv\py3.9\Lib\site-packages\django\db\backends\base\validation.py first seen with mtime 1622028451.8506477
File C:\TestEnv\py3.9\Lib\site-packages\django\utils\datetime_safe.py first seen with mtime 1622028452.233065
File C:\TestEnv\py3.9\Lib\site-packages\django\db\models\functions\window.py first seen with mtime 1622028451.9781485
File C:\Python 3.9\Lib\concurrent\futures\_base.py first seen with mtime 1620034494.0
File C:\TestEnv\py3.9\Lib\site-packages\django\db\backends\base\base.py first seen with mtime 1622028451.8422163
File C:\TestEnv\py3.9\Lib\site-packages\django\dispatch\dispatcher.py first seen with mtime 1622028451.9900217
File C:\Python 3.9\Lib\nturl2path.py first seen with mtime 1620034494.0
File C:\TestEnv\py3.9\Lib\site-packages\django\utils\decorators.py first seen with mtime 1622028452.2360404
File C:\TestEnv\py3.9\Lib\site-packages\django\contrib\contenttypes\admin.py first seen with mtime 1622028449.809138
File C:\Python 3.9\Lib\asyncio\futures.py first seen with mtime 1620034494.0
File C:\TestEnv\py3.9\Lib\site-packages\django\template\engine.py first seen with mtime 1622028452.1303918
File C:\TestEnv\py3.9\Lib\site-packages\django\contrib\admin\decorators.py first seen with mtime 1622028449.0234826
File C:\Python 3.9\Lib\asyncio\threads.py first seen with mtime 1620034494.0
File C:\TestEnv\py3.9\Lib\site-packages\django\core\cache\backends\__init__.py first seen with mtime 1622028451.7296224
File C:\TestEnv\py3.9\Lib\site-packages\django\contrib\auth\models.py first seen with mtime 1622028449.596329
File C:\TestEnv\py3.9\Lib\site-packages\django\templatetags\i18n.py first seen with mtime 1622028452.1770165
File C:\Python 3.9\Lib\unittest\loader.py first seen with mtime 1620034496.0
File C:\TestEnv\py3.9\Lib\site-packages\django\forms\forms.py first seen with mtime 1622028451.996483
File C:\TestEnv\py3.9\Lib\site-packages\django\middleware\__init__.py first seen with mtime 1622028452.1006305
File C:\Python 3.9\DLLs\_queue.pyd first seen with mtime 1620034544.0
File C:\TestEnv\py3.9\Lib\site-packages\django\db\backends\sqlite3\client.py first seen with mtime 1622028451.9002478
File C:\TestEnv\py3.9\Lib\site-packages\django\core\mail\__init__.py first seen with mtime 1622028451.7732704
File C:\Python 3.9\Lib\statistics.py first seen with mtime 1620034494.0
File C:\TestEnv\py3.9\Lib\site-packages\sqlparse\engine\grouping.py first seen with mtime 1622028448.1477761
File C:\TestEnv\py3.9\Lib\site-packages\django\views\i18n.py first seen with mtime 1622028452.2935743
File C:\TestEnv\py3.9\Lib\site-packages\django\contrib\auth\apps.py first seen with mtime 1622028449.5874012
File C:\TestEnv\py3.9\Lib\site-packages\django\core\checks\messages.py first seen with mtime 1622028451.7415264
File C:\TestEnv\py3.9\Lib\site-packages\sqlparse\tokens.py first seen with mtime 1622028448.1448004
File C:\TestEnv\py3.9\Lib\site-packages\django\core\files\temp.py first seen with mtime 1622028451.7633793
File C:\Python 3.9\Lib\types.py first seen with mtime 1620034496.0
File C:\Python 3.9\Lib\asyncio\constants.py first seen with mtime 1620034494.0
File C:\TestEnv\py3.9\Lib\site-packages\django\utils\itercompat.py first seen with mtime 1622028452.2543907
File C:\Python 3.9\Lib\email\mime\nonmultipart.py first seen with mtime 1620034494.0
File C:\TestEnv\py3.9\Lib\site-packages\django\contrib\auth\signals.py first seen with mtime 1622028449.597844
File C:\Python 3.9\Lib\email\mime\message.py first seen with mtime 1620034494.0
File C:\Python 3.9\Lib\datetime.py first seen with mtime 1620034494.0
File C:\TestEnv\py3.9\Lib\site-packages\django\contrib\admin\actions.py first seen with mtime 1622028449.0219617
File C:\Python 3.9\Lib\token.py first seen with mtime 1620034496.0
File C:\TestEnv\py3.9\Lib\site-packages\sqlparse\filters\right_margin.py first seen with mtime 1622028448.1542609
File C:\TestEnv\py3.9\Lib\site-packages\django\contrib\staticfiles\checks.py first seen with mtime 1622028451.7013505
File C:\Python 3.9\Lib\functools.py first seen with mtime 1620034494.0
File C:\TestEnv\py3.9\Lib\site-packages\django\db\backends\base\operations.py first seen with mtime 1622028451.8481677
File C:\TestEnv\py3.9\Lib\site-packages\django\views\decorators\debug.py first seen with mtime 1622028452.3054793
File C:\Python 3.9\Lib\unittest\__init__.py first seen with mtime 1620034496.0
File C:\Python 3.9\Lib\_compat_pickle.py first seen with mtime 1620034494.0
File C:\TestEnv\py3.9\Lib\site-packages\django\views\generic\detail.py first seen with mtime 1622028452.3178768
File C:\TestEnv\py3.9\Lib\site-packages\django\core\servers\basehttp.py first seen with mtime 1622028451.8318012
File C:\TestEnv\py3.9\Lib\site-packages\django\db\backends\utils.py first seen with mtime 1622028451.8397336
File C:\Python 3.9\Lib\asyncio\trsock.py first seen with mtime 1620034494.0
File C:\TestEnv\py3.9\Lib\site-packages\sqlparse\filters\reindent.py first seen with mtime 1622028448.1527376
File C:\TestEnv\py3.9\Lib\site-packages\django\utils\ipv6.py first seen with mtime 1622028452.2533994
File C:\TestEnv\py3.9\Lib\site-packages\django\db\models\sql\query.py first seen with mtime 1622028451.985064
File C:\TestEnv\py3.9\Lib\site-packages\django\contrib\admin\templatetags\__init__.py first seen with mtime 1622028449.3850632
File C:\Python 3.9\Lib\email\mime\base.py first seen with mtime 1620034494.0
File C:\TestEnv\py3.9\Lib\site-packages\asgiref\__init__.py first seen with mtime 1622028448.7302275
File C:\Python 3.9\Lib\wsgiref\simple_server.py first seen with mtime 1620034496.0
File C:\Python 3.9\Lib\locale.py first seen with mtime 1620034494.0
File C:\TestEnv\py3.9\Lib\site-packages\django\db\models\fields\files.py first seen with mtime 1622028451.9597652
File C:\TestEnv\py3.9\Lib\site-packages\django\contrib\staticfiles\views.py first seen with mtime 1622028451.7092867
File C:\Python 3.9\Lib\email\policy.py first seen with mtime 1620034494.0
File C:\TestEnv\py3.9\Lib\site-packages\django\core\mail\utils.py first seen with mtime 1622028451.7757504
File C:\TestEnv\py3.9\Lib\site-packages\django\core\checks\model_checks.py first seen with mtime 1622028451.742519
File C:\Python 3.9\Lib\ctypes\wintypes.py first seen with mtime 1620034494.0
File C:\TestEnv\py3.9\Lib\site-packages\django\views\decorators\cache.py first seen with mtime 1622028452.2985334
File C:\Python 3.9\Lib\stat.py first seen with mtime 1620034494.0
File C:\TestEnv\py3.9\Lib\site-packages\django\contrib\admin\checks.py first seen with mtime 1622028449.0229862
File C:\TestEnv\py3.9\Lib\site-packages\django\views\decorators\csrf.py first seen with mtime 1622028452.3039906
File C:\TestEnv\py3.9\Lib\site-packages\django\utils\functional.py first seen with mtime 1622028452.2454646
File C:\Python 3.9\Lib\sre_parse.py first seen with mtime 1620034494.0
File C:\Python 3.9\DLLs\_sqlite3.pyd first seen with mtime 1620034544.0
File C:\TestEnv\py3.9\Lib\site-packages\django\db\migrations\operations\__init__.py first seen with mtime 1622028451.9280243
File C:\TestEnv\py3.9\Lib\site-packages\django\template\loaders\__init__.py first seen with mtime 1622028452.1601503
File C:\Python 3.9\DLLs\_uuid.pyd first seen with mtime 1620034544.0
File C:\Python 3.9\Lib\logging\handlers.py first seen with mtime 1620034494.0
File C:\TestEnv\py3.9\Lib\site-packages\django\db\models\fields\related_descriptors.py first seen with mtime 1622028451.966712
File C:\Python 3.9\Lib\traceback.py first seen with mtime 1620034496.0
File C:\TestEnv\py3.9\Lib\site-packages\django\db\migrations\operations\special.py first seen with mtime 1622028451.9329824
File C:\TestEnv\py3.9\Lib\site-packages\django\core\serializers\python.py first seen with mtime 1622028451.8263423
File C:\TestEnv\hello_django\myhello\__init__.py first seen with mtime 1622028701.2893643
File C:\Python 3.9\Lib\email\_encoded_words.py first seen with mtime 1620034494.0
File C:\TestEnv\py3.9\Lib\site-packages\django\template\backends\base.py first seen with mtime 1622028452.149736
File C:\Python 3.9\Lib\decimal.py first seen with mtime 1620034494.0
File C:\TestEnv\py3.9\Lib\site-packages\django\core\checks\security\csrf.py first seen with mtime 1622028451.751972
File C:\TestEnv\py3.9\Lib\site-packages\django\db\models\expressions.py first seen with mtime 1622028451.9453826
File C:\TestEnv\py3.9\Lib\site-packages\django\utils\duration.py first seen with mtime 1622028452.239017
File C:\TestEnv\py3.9\Lib\site-packages\django\contrib\admin\templatetags\log.py first seen with mtime 1622028449.3900387
File C:\TestEnv\py3.9\Lib\site-packages\django\core\files\locks.py first seen with mtime 1622028451.7589154
File C:\TestEnv\py3.9\Lib\site-packages\django\db\models\base.py first seen with mtime 1622028451.9389348
File C:\Python 3.9\Lib\collections\__init__.py first seen with mtime 1620034494.0
File C:\TestEnv\py3.9\Lib\site-packages\django\contrib\sites\__init__.py first seen with mtime 1622028451.4459307
File C:\Python 3.9\Lib\operator.py first seen with mtime 1620034494.0
File C:\TestEnv\py3.9\Lib\site-packages\django\urls\__init__.py first seen with mtime 1622028452.2023115
File C:\TestEnv\py3.9\Lib\site-packages\django\utils\autoreload.py first seen with mtime 1622028452.218679
File C:\Python 3.9\Lib\pathlib.py first seen with mtime 1620034494.0
File C:\TestEnv\py3.9\Lib\site-packages\django\utils\crypto.py first seen with mtime 1622028452.225128
File C:\TestEnv\py3.9\Lib\site-packages\django\contrib\staticfiles\management\commands\__init__.py first seen with mtime 1622028451.7107744
File C:\TestEnv\py3.9\Lib\site-packages\django\core\files\__init__.py first seen with mtime 1622028451.7549481
File C:\TestEnv\py3.9\Lib\site-packages\django\views\generic\edit.py first seen with mtime 1622028452.3198624
File C:\Python 3.9\Lib\unittest\case.py first seen with mtime 1620034496.0
File C:\TestEnv\py3.9\Lib\site-packages\pytz\lazy.py first seen with mtime 1622028448.2568944
File C:\Python 3.9\Lib\urllib\error.py first seen with mtime 1620034496.0
File C:\TestEnv\py3.9\Lib\site-packages\django\template\context.py first seen with mtime 1622028452.1224554
File C:\TestEnv\py3.9\Lib\site-packages\django\views\decorators\__init__.py first seen with mtime 1622028452.2960544
File C:\TestEnv\py3.9\Lib\site-packages\django\db\backends\base\client.py first seen with mtime 1622028451.8432076
File C:\TestEnv\py3.9\Lib\site-packages\django\contrib\staticfiles\apps.py first seen with mtime 1622028451.7003584
File C:\Python 3.9\Lib\http\cookies.py first seen with mtime 1620034494.0
File C:\TestEnv\py3.9\Lib\site-packages\pytz\exceptions.py first seen with mtime 1622028448.2563982
File C:\Python 3.9\DLLs\_ssl.pyd first seen with mtime 1620034546.0
File C:\TestEnv\py3.9\Lib\site-packages\django\urls\converters.py first seen with mtime 1622028452.2067754
File C:\Python 3.9\Lib\email\parser.py first seen with mtime 1620034494.0
File C:\TestEnv\py3.9\Lib\site-packages\django\db\migrations\__init__.py first seen with mtime 1622028451.9091744
File C:\TestEnv\py3.9\Lib\site-packages\django\db\backends\signals.py first seen with mtime 1622028451.8382483
File C:\Python 3.9\Lib\copyreg.py first seen with mtime 1620034494.0
File C:\Python 3.9\Lib\socket.py first seen with mtime 1620034494.0
File C:\TestEnv\py3.9\Lib\site-packages\django\contrib\admin\views\autocomplete.py first seen with mtime 1622028449.3915172
File C:\Python 3.9\Lib\_compression.py first seen with mtime 1620034494.0
File C:\Python 3.9\DLLs\_ctypes.pyd first seen with mtime 1620034544.0
File C:\Python 3.9\Lib\email\header.py first seen with mtime 1620034494.0
File C:\TestEnv\py3.9\Lib\site-packages\django\forms\__init__.py first seen with mtime 1622028451.9925258
File C:\TestEnv\py3.9\Lib\site-packages\django\core\checks\security\__init__.py first seen with mtime 1622028451.7484877
File C:\TestEnv\py3.9\Lib\site-packages\django\conf\__init__.py first seen with mtime 1622028448.8022342
File C:\TestEnv\py3.9\Lib\site-packages\django\contrib\auth\base_user.py first seen with mtime 1622028449.588918
File C:\Python 3.9\Lib\concurrent\futures\thread.py first seen with mtime 1620034494.0
File C:\TestEnv\py3.9\Lib\site-packages\django\db\migrations\operations\utils.py first seen with mtime 1622028451.9344707
File C:\TestEnv\py3.9\Lib\site-packages\django\apps\__init__.py first seen with mtime 1622028448.799285
File C:\Python 3.9\Lib\unittest\util.py first seen with mtime 1620034496.0
File C:\Python 3.9\Lib\unittest\result.py first seen with mtime 1620034496.0
File C:\TestEnv\py3.9\Lib\site-packages\django\utils\deprecation.py first seen with mtime 1622028452.2375283
File C:\TestEnv\py3.9\Lib\site-packages\django\db\models\fields\related_lookups.py first seen with mtime 1622028451.9682004
File C:\TestEnv\py3.9\Lib\site-packages\sqlparse\lexer.py first seen with mtime 1622028448.143312
File C:\TestEnv\py3.9\Lib\site-packages\django\forms\widgets.py first seen with mtime 1622028452.0029197
File C:\TestEnv\py3.9\Lib\site-packages\django\contrib\messages\api.py first seen with mtime 1622028450.8021047
File C:\TestEnv\py3.9\Lib\site-packages\django\contrib\admin\filters.py first seen with mtime 1622028449.0254695
File C:\Python 3.9\Lib\asyncio\locks.py first seen with mtime 1620034494.0
File C:\TestEnv\py3.9\Lib\site-packages\django\contrib\auth\checks.py first seen with mtime 1622028449.589908
File C:\Python 3.9\DLLs\_bz2.pyd first seen with mtime 1620034544.0
File C:\Python 3.9\Lib\email\errors.py first seen with mtime 1620034494.0
File C:\TestEnv\py3.9\Lib\site-packages\django\middleware\security.py first seen with mtime 1622028452.1150162
File C:\TestEnv\py3.9\Lib\site-packages\django\db\models\fields\__init__.py first seen with mtime 1622028451.9587731
File C:\Python 3.9\Lib\genericpath.py first seen with mtime 1620034494.0
File C:\TestEnv\hello_django\myhello\views.py first seen with mtime 1622028847.5192842
File C:\TestEnv\py3.9\Lib\site-packages\django\contrib\sessions\models.py first seen with mtime 1622028451.1884859
File C:\TestEnv\py3.9\Lib\site-packages\django\db\models\fields\proxy.py first seen with mtime 1622028451.9637334
File C:\TestEnv\py3.9\Lib\site-packages\django\core\files\utils.py first seen with mtime 1622028451.7668223
File C:\Python 3.9\DLLs\_decimal.pyd first seen with mtime 1620034546.0
File C:\TestEnv\py3.9\Lib\site-packages\django\core\files\uploadhandler.py first seen with mtime 1622028451.7658303
File C:\TestEnv\py3.9\Lib\site-packages\django\core\checks\__init__.py first seen with mtime 1622028451.7370627
File C:\TestEnv\py3.9\Lib\site-packages\django\views\generic\base.py first seen with mtime 1622028452.3134162
File C:\TestEnv\py3.9\Lib\site-packages\sqlparse\filters\__init__.py first seen with mtime 1622028448.149264
File C:\Python 3.9\Lib\ipaddress.py first seen with mtime 1620034494.0
File C:\Python 3.9\Lib\copy.py first seen with mtime 1620034494.0
File C:\TestEnv\py3.9\Lib\site-packages\django\utils\deconstruct.py first seen with mtime 1622028452.234552
File C:\Python 3.9\Lib\fractions.py first seen with mtime 1620034494.0
File C:\TestEnv\py3.9\Lib\site-packages\django\contrib\messages\__init__.py first seen with mtime 1622028450.8011122
File C:\Python 3.9\Lib\_weakrefset.py first seen with mtime 1620034494.0
File C:\Python 3.9\Lib\platform.py first seen with mtime 1620034494.0
File C:\TestEnv\py3.9\Lib\site-packages\django\core\serializers\__init__.py first seen with mtime 1622028451.8218784
File C:\Python 3.9\Lib\asyncio\tasks.py first seen with mtime 1620034494.0
File C:\TestEnv\py3.9\Lib\site-packages\django\db\models\constants.py first seen with mtime 1622028451.939927
File C:\Python 3.9\DLLs\_lzma.pyd first seen with mtime 1620034546.0
File C:\TestEnv\py3.9\Lib\site-packages\django\contrib\sessions\apps.py first seen with mtime 1622028451.184552
File C:\Python 3.9\Lib\unittest\signals.py first seen with mtime 1620034496.0
File C:\TestEnv\py3.9\Lib\site-packages\django\db\migrations\utils.py first seen with mtime 1622028451.9255435
File C:\TestEnv\py3.9\Lib\site-packages\django\db\models\options.py first seen with mtime 1622028451.951333
File C:\TestEnv\py3.9\Lib\site-packages\django\template\loaders\app_directories.py first seen with mtime 1622028452.1621354
File C:\TestEnv\py3.9\Lib\site-packages\django\core\management\__init__.py first seen with mtime 1622028451.7846782
File C:\TestEnv\py3.9\Lib\site-packages\django\utils\timezone.py first seen with mtime 1622028452.2722478
File C:\TestEnv\py3.9\Lib\site-packages\django\db\models\sql\__init__.py first seen with mtime 1622028451.979111
File C:\Python 3.9\Lib\asyncio\format_helpers.py first seen with mtime 1620034494.0
File C:\TestEnv\py3.9\Lib\site-packages\django\db\models\deletion.py first seen with mtime 1622028451.9429016
File C:\TestEnv\py3.9\Lib\site-packages\django\forms\utils.py first seen with mtime 1622028452.0014317
File C:\TestEnv\py3.9\Lib\site-packages\sqlparse\cli.py first seen with mtime 1622028448.1383526
File C:\Python 3.9\Lib\subprocess.py first seen with mtime 1620034494.0
File C:\TestEnv\py3.9\Lib\site-packages\django\__init__.py first seen with mtime 1622028448.7977877
File C:\TestEnv\py3.9\Lib\site-packages\sqlparse\keywords.py first seen with mtime 1622028448.1423202
File C:\Python 3.9\Lib\collections\abc.py first seen with mtime 1620034494.0
File C:\TestEnv\hello_django\myhello\models.py first seen with mtime 1622028701.2868845
File C:\Python 3.9\Lib\hmac.py first seen with mtime 1620034494.0
File C:\Python 3.9\Lib\dis.py first seen with mtime 1620034494.0
File C:\Python 3.9\Lib\calendar.py first seen with mtime 1620034494.0
File C:\TestEnv\py3.9\Lib\site-packages\django\conf\urls\__init__.py first seen with mtime 1622028449.019506
File C:\Python 3.9\Lib\email\_header_value_parser.py first seen with mtime 1620034494.0
File C:\Python 3.9\Lib\argparse.py first seen with mtime 1620034494.0
File C:\TestEnv\hello_django\hello_django\settings.py first seen with mtime 1622028733.6099343
File C:\Python 3.9\Lib\mimetypes.py first seen with mtime 1620034494.0
File C:\TestEnv\py3.9\Lib\site-packages\django\utils\module_loading.py first seen with mtime 1622028452.2613347
File C:\TestEnv\hello_django\myhello\apps.py first seen with mtime 1622028701.2863884
File C:\Python 3.9\Lib\secrets.py first seen with mtime 1620034494.0
File C:\Python 3.9\Lib\asyncio\base_tasks.py first seen with mtime 1620034494.0
File C:\TestEnv\py3.9\Lib\site-packages\django\utils\topological_sort.py first seen with mtime 1622028452.2737353
File C:\TestEnv\py3.9\Lib\site-packages\django\db\backends\sqlite3\features.py first seen with mtime 1622028451.9032214
File C:\TestEnv\py3.9\Lib\site-packages\django\utils\_os.py first seen with mtime 1622028452.2142162
File C:\Python 3.9\Lib\html\parser.py first seen with mtime 1620034494.0
File C:\TestEnv\py3.9\Lib\site-packages\django\core\handlers\base.py first seen with mtime 1622028451.7702944
File C:\TestEnv\py3.9\Lib\site-packages\django\core\files\storage.py first seen with mtime 1622028451.761894
File C:\Python 3.9\Lib\asyncio\windows_events.py first seen with mtime 1620034494.0
File C:\TestEnv\py3.9\Lib\site-packages\django\template\loaders\filesystem.py first seen with mtime 1622028452.1690788
File C:\Python 3.9\Lib\email\base64mime.py first seen with mtime 1620034494.0
File C:\TestEnv\py3.9\Lib\site-packages\django\utils\hashable.py first seen with mtime 1622028452.2469528
File C:\TestEnv\py3.9\Lib\site-packages\django\contrib\admin\sites.py first seen with mtime 1622028449.028443
File C:\TestEnv\py3.9\Lib\site-packages\pytz\tzfile.py first seen with mtime 1622028448.258916
File C:\Python 3.9\Lib\email\encoders.py first seen with mtime 1620034494.0
File C:\TestEnv\py3.9\Lib\site-packages\django\db\models\functions\datetime.py first seen with mtime 1622028451.97316
File C:\TestEnv\hello_django\myhello\urls.py first seen with mtime 1622028818.4608724
File C:\TestEnv\py3.9\Lib\site-packages\django\core\management\color.py first seen with mtime 1622028451.7866623
File C:\TestEnv\py3.9\Lib\site-packages\django\contrib\auth\tokens.py first seen with mtime 1622028449.598809
File C:\Python 3.9\Lib\email\generator.py first seen with mtime 1620034494.0
File C:\TestEnv\py3.9\Lib\site-packages\django\db\__init__.py first seen with mtime 1622028451.832791
File C:\TestEnv\py3.9\Lib\site-packages\django\contrib\contenttypes\checks.py first seen with mtime 1622028449.8106265
File C:\Python 3.9\Lib\lzma.py first seen with mtime 1620034494.0
File C:\Python 3.9\Lib\asyncio\base_futures.py first seen with mtime 1620034494.0
File C:\TestEnv\py3.9\Lib\site-packages\django\core\mail\message.py first seen with mtime 1622028451.7747586
File C:\Python 3.9\Lib\asyncio\exceptions.py first seen with mtime 1620034494.0
File C:\Python 3.9\Lib\socketserver.py first seen with mtime 1620034494.0
File C:\TestEnv\py3.9\Lib\site-packages\sqlparse\engine\__init__.py first seen with mtime 1622028448.1462882
File C:\TestEnv\py3.9\Lib\site-packages\django\templatetags\l10n.py first seen with mtime 1622028452.1789992
File C:\TestEnv\py3.9\Lib\site-packages\django\forms\models.py first seen with mtime 1622028451.9989517
File C:\TestEnv\py3.9\Lib\site-packages\django\utils\lorem_ipsum.py first seen with mtime 1622028452.2598462
File C:\TestEnv\py3.9\Lib\site-packages\django\utils\connection.py first seen with mtime 1622028452.223641
File C:\Python 3.9\Lib\ctypes\_endian.py first seen with mtime 1620034494.0
File C:\TestEnv\py3.9\Lib\site-packages\django\core\checks\security\sessions.py first seen with mtime 1622028451.7529638
File C:\TestEnv\py3.9\Lib\site-packages\django\contrib\auth\validators.py first seen with mtime 1622028449.600322
File C:\TestEnv\py3.9\Lib\site-packages\django\core\wsgi.py first seen with mtime 1622028451.7261508
File C:\Python 3.9\Lib\asyncio\subprocess.py first seen with mtime 1620034494.0
File C:\TestEnv\py3.9\Lib\site-packages\django\contrib\auth\migrations\0001_initial.py first seen with mtime 1622028449.7962437
File C:\TestEnv\py3.9\Lib\site-packages\django\contrib\auth\migrations\0007_alter_validators_add_error_messages.py first seen with mtime 1622028449.801211
File C:\TestEnv\py3.9\Lib\site-packages\django\contrib\auth\migrations\0011_update_proxy_permissions.py first seen with mtime 1622028449.8041797
File C:\TestEnv\py3.9\Lib\site-packages\django\contrib\auth\migrations\0012_alter_user_first_name_max_length.py first seen with mtime 1622028449.8046737
File C:\TestEnv\py3.9\Lib\site-packages\django\contrib\sessions\migrations\__init__.py first seen with mtime 1622028451.4364853
File C:\TestEnv\py3.9\Lib\site-packages\django\middleware\common.py first seen with mtime 1622028452.1055892
File C:\TestEnv\py3.9\Lib\site-packages\django\db\migrations\recorder.py first seen with mtime 1622028451.9215748
File C:\TestEnv\py3.9\Lib\site-packages\django\contrib\admin\migrations\0003_logentry_add_action_flag_choices.py first seen with mtime 1622028449.2605374
File C:\TestEnv\py3.9\Lib\site-packages\django\db\migrations\executor.py first seen with mtime 1622028451.9136398
File C:\TestEnv\py3.9\Lib\site-packages\django\contrib\auth\migrations\0009_alter_user_last_name_max_length.py first seen with mtime 1622028449.8026893
File C:\TestEnv\py3.9\Lib\site-packages\django\contrib\auth\migrations\0003_alter_user_email_max_length.py first seen with mtime 1622028449.7982266
File C:\TestEnv\py3.9\Lib\site-packages\django\contrib\sessions\backends\db.py first seen with mtime 1622028451.1939712
File C:\Python 3.9\Lib\stringprep.py first seen with mtime 1620034494.0
File C:\TestEnv\py3.9\Lib\site-packages\django\contrib\contenttypes\migrations\0001_initial.py first seen with mtime 1622028449.9936254
File C:\TestEnv\py3.9\Lib\site-packages\django\contrib\contenttypes\migrations\0002_remove_content_type_name.py first seen with mtime 1622028449.9946172
File C:\TestEnv\py3.9\Lib\site-packages\django\contrib\auth\migrations\0005_alter_user_last_login_null.py first seen with mtime 1622028449.7997212
File C:\TestEnv\py3.9\Lib\site-packages\django\contrib\auth\migrations\0002_alter_permission_name_max_length.py first seen with mtime 1622028449.7972338
File C:\Python 3.9\Lib\encodings\idna.py first seen with mtime 1620034494.0
File C:\TestEnv\py3.9\Lib\site-packages\django\contrib\sessions\migrations\0001_initial.py first seen with mtime 1622028451.4355187
File C:\TestEnv\py3.9\Lib\site-packages\django\views\csrf.py first seen with mtime 1622028452.2891116
File C:\TestEnv\py3.9\Lib\site-packages\django\contrib\auth\migrations\0008_alter_user_username_max_length.py first seen with mtime 1622028449.8021688
File C:\TestEnv\py3.9\Lib\site-packages\django\contrib\sessions\exceptions.py first seen with mtime 1622028451.186502
File C:\TestEnv\py3.9\Lib\site-packages\django\contrib\admin\migrations\__init__.py first seen with mtime 1622028449.2605374
File C:\TestEnv\py3.9\Lib\site-packages\django\contrib\auth\migrations\0004_alter_user_username_opts.py first seen with mtime 1622028449.799193
File C:\TestEnv\py3.9\Lib\site-packages\django\db\migrations\graph.py first seen with mtime 1622028451.9151254
File C:\TestEnv\py3.9\Lib\site-packages\django\contrib\sessions\backends\base.py first seen with mtime 1622028451.191
File C:\TestEnv\py3.9\Lib\site-packages\django\contrib\auth\migrations\0010_alter_group_name_max_length.py first seen with mtime 1622028449.8031895
File C:\TestEnv\py3.9\Lib\site-packages\django\contrib\auth\migrations\__init__.py first seen with mtime 1622028449.805172
File C:\TestEnv\py3.9\Lib\site-packages\django\db\migrations\loader.py first seen with mtime 1622028451.91612
File C:\TestEnv\py3.9\Lib\site-packages\django\contrib\admin\migrations\0002_logentry_remove_auto_add.py first seen with mtime 1622028449.260067
File C:\TestEnv\py3.9\Lib\site-packages\django\contrib\messages\middleware.py first seen with mtime 1622028450.8051121
File C:\TestEnv\py3.9\Lib\site-packages\django\contrib\auth\migrations\0006_require_contenttypes_0002.py first seen with mtime 1622028449.8007145
File C:\TestEnv\hello_django\myhello\migrations\__init__.py first seen with mtime 1622028701.2918444
File C:\TestEnv\py3.9\Lib\site-packages\django\contrib\admin\migrations\0001_initial.py first seen with mtime 1622028449.259051
File C:\TestEnv\py3.9\Lib\site-packages\django\contrib\contenttypes\migrations\__init__.py first seen with mtime 1622028449.9951134
File C:\TestEnv\hello_django\hello_django\wsgi.py first seen with mtime 1622028471.3732328
File C:\TestEnv\py3.9\Lib\site-packages\django\middleware\clickjacking.py first seen with mtime 1622028452.104103
File C:\TestEnv\py3.9\Lib\site-packages\django\core\cache\backends\locmem.py first seen with mtime 1622028451.7350783
Exception while resolving variable 'name' in template 'unknown'.
Traceback (most recent call last):
  File "C:\TestEnv\py3.9\lib\site-packages\django\core\handlers\exception.py", line 47, in inner
    response = get_response(request)
  File "C:\TestEnv\py3.9\lib\site-packages\django\core\handlers\base.py", line 167, in _get_response
    callback, callback_args, callback_kwargs = self.resolve_request(request)
  File "C:\TestEnv\py3.9\lib\site-packages\django\core\handlers\base.py", line 290, in resolve_request
    resolver_match = resolver.resolve(request.path_info)
  File "C:\TestEnv\py3.9\lib\site-packages\django\urls\resolvers.py", line 585, in resolve
    raise Resolver404({'tried': tried, 'path': new_path})
django.urls.exceptions.Resolver404: {'tried': [[<URLResolver <URLPattern list> (admin:admin) 'admin/'>], [<URLResolver <module 'myhello.urls' from 'C:\\TestEnv\\hello_django\\myhello\\urls.py'> (None:None) 'myhello/'>]], 'path': ''}

During handling of the above exception, another exception occurred:

Traceback (most recent call last):
  File "C:\TestEnv\py3.9\lib\site-packages\django\template\base.py", line 829, in _resolve_lookup
    current = current[bit]
TypeError: 'URLResolver' object is not subscriptable

During handling of the above exception, another exception occurred:

Traceback (most recent call last):
  File "C:\TestEnv\py3.9\lib\site-packages\django\template\base.py", line 837, in _resolve_lookup
    current = getattr(current, bit)
AttributeError: 'URLResolver' object has no attribute 'name'

During handling of the above exception, another exception occurred:

Traceback (most recent call last):
  File "C:\TestEnv\py3.9\lib\site-packages\django\template\base.py", line 843, in _resolve_lookup
    current = current[int(bit)]
ValueError: invalid literal for int() with base 10: 'name'

During handling of the above exception, another exception occurred:

Traceback (most recent call last):
  File "C:\TestEnv\py3.9\lib\site-packages\django\template\base.py", line 848, in _resolve_lookup
    raise VariableDoesNotExist("Failed lookup for key "
django.template.base.VariableDoesNotExist: Failed lookup for key [name] in <URLResolver <URLPattern list> (admin:admin) 'admin/'>
Exception while resolving variable 'name' in template 'unknown'.
Traceback (most recent call last):
  File "C:\TestEnv\py3.9\lib\site-packages\django\core\handlers\exception.py", line 47, in inner
    response = get_response(request)
  File "C:\TestEnv\py3.9\lib\site-packages\django\core\handlers\base.py", line 167, in _get_response
    callback, callback_args, callback_kwargs = self.resolve_request(request)
  File "C:\TestEnv\py3.9\lib\site-packages\django\core\handlers\base.py", line 290, in resolve_request
    resolver_match = resolver.resolve(request.path_info)
  File "C:\TestEnv\py3.9\lib\site-packages\django\urls\resolvers.py", line 585, in resolve
    raise Resolver404({'tried': tried, 'path': new_path})
django.urls.exceptions.Resolver404: {'tried': [[<URLResolver <URLPattern list> (admin:admin) 'admin/'>], [<URLResolver <module 'myhello.urls' from 'C:\\TestEnv\\hello_django\\myhello\\urls.py'> (None:None) 'myhello/'>]], 'path': ''}

During handling of the above exception, another exception occurred:

Traceback (most recent call last):
  File "C:\TestEnv\py3.9\lib\site-packages\django\template\base.py", line 829, in _resolve_lookup
    current = current[bit]
TypeError: 'URLResolver' object is not subscriptable

During handling of the above exception, another exception occurred:

Traceback (most recent call last):
  File "C:\TestEnv\py3.9\lib\site-packages\django\template\base.py", line 837, in _resolve_lookup
    current = getattr(current, bit)
AttributeError: 'URLResolver' object has no attribute 'name'

During handling of the above exception, another exception occurred:

Traceback (most recent call last):
  File "C:\TestEnv\py3.9\lib\site-packages\django\template\base.py", line 843, in _resolve_lookup
    current = current[int(bit)]
ValueError: invalid literal for int() with base 10: 'name'

During handling of the above exception, another exception occurred:

Traceback (most recent call last):
  File "C:\TestEnv\py3.9\lib\site-packages\django\template\base.py", line 848, in _resolve_lookup
    raise VariableDoesNotExist("Failed lookup for key "
django.template.base.VariableDoesNotExist: Failed lookup for key [name] in <URLResolver <module 'myhello.urls' from 'C:\\TestEnv\\hello_django\\myhello\\urls.py'> (None:None) 'myhello/'>
Not Found: /
"GET / HTTP/1.1" 404 2173
File C:\TestEnv\py3.9\Lib\site-packages\django\contrib\messages\storage\session.py first seen with mtime 1622028450.8100717
File C:\TestEnv\py3.9\Lib\site-packages\django\contrib\messages\storage\cookie.py first seen with mtime 1622028450.8085525
File C:\TestEnv\py3.9\Lib\site-packages\django\contrib\sessions\serializers.py first seen with mtime 1622028451.1894796
File C:\TestEnv\py3.9\Lib\site-packages\django\contrib\messages\storage\base.py first seen with mtime 1622028450.80809
File C:\TestEnv\py3.9\Lib\site-packages\django\contrib\messages\storage\fallback.py first seen with mtime 1622028450.8095734
File C:\TestEnv\py3.9\Lib\site-packages\django\contrib\messages\utils.py first seen with mtime 1622028450.80561
"GET /myhello/ HTTP/1.1" 200 9
"GET /myhello/?name=Jason HTTP/1.1" 200 11
